1;p30424;WANTED;5038;5038;[];[p30425,p30426];p30425:[OK,REQUEST]|p30426:[OK,REQUEST]
2;p30424;WANTED;10293;10293;[];[p30425,p30426];p30425:[OK]
3;p30424;RELEASED;15227;15219;[];[];VAZIO
4;p30424;WANTED;21380;21377;[];[p30426];p30425:[REQUEST]|p30426:[OK,REQUEST]
5;p30424;HELD;26927;26920;[p30426,p30425];[];VAZIO
6;p30424;RELEASED;33118;33110;[];[];VAZIO
7;p30424;WANTED;38531;38528;[];[p30426];p30425:[REQUEST]|p30426:[OK,REQUEST]
8;p30424;WANTED;44067;44063;[p30425];[p30426];p30426:[OK,REQUEST]
9;p30424;WANTED;49442;49442;[];[p30425,p30426];p30426:[OK,REQUEST]
10;p30424;RELEASED;54428;54420;[];[];p30426:[REQUEST]
11;p30424;WANTED;59961;59958;[];[p30426];p30426:[OK]
12;p30424;HELD;64670;64662;[p30426,p30425];[];VAZIO
13;p30424;WANTED;70043;70039;[p30426];[p30425];p30425:[OK]
14;p30424;RELEASED;75362;75355;[];[];p30426:[REQUEST]
15;p30424;RELEASED;80992;80984;[];[];VAZIO
16;p30424;WANTED;86235;86231;[p30425];[p30426];VAZIO
17;p30424;HELD;92572;92565;[p30425,p30426];[];VAZIO
18;p30424;WANTED;98652;98648;[p30426];[p30425];p30425:[OK]
19;p30424;WANTED;104835;104835;[];[p30425,p30426];p30425:[OK]
20;p30424;WANTED;110550;110550;[];[p30425,p30426];VAZIO
21;p30424;WANTED;116265;116265;[];[p30425,p30426];p30426:[OK]
22;p30424;RELEASED;122693;122685;[];[];VAZIO
23;p30424;WANTED;128750;128747;[];[p30426];p30425:[REQUEST]
24;p30424;RELEASED;134857;134849;[];[];VAZIO
25;p30424;HELD;141135;141129;[p30426];[];VAZIO
26;p30424;HELD;147263;147257;[p30425];[];p30426:[REQUEST]
27;p30424;WANTED;153027;153027;[];[p30425,p30426];p30425:[OK]
28;p30424;RELEASED;158946;158938;[];[];VAZIO
29;p30424;WANTED;164662;164662;[];[p30425,p30426];p30426:[OK,REQUEST]
30;p30424;HELD;170846;170840;[p30425];[];VAZIO
31;p30424;RELEASED;176343;176335;[];[];VAZIO
32;p30424;WANTED;181909;181909;[];[p30425,p30426];p30425:[OK]
33;p30424;WANTED;188481;188478;[];[p30426];p30425:[REQUEST]|p30426:[OK]
34;p30424;WANTED;194418;194418;[];[p30425,p30426];p30425:[OK]
35;p30424;HELD;200322;200316;[p30426];[];p30425:[REQUEST]
36;p30424;WANTED;206709;206709;[];[p30425,p30426];p30426:[OK]
37;p30424;WANTED;213187;213183;[p30426];[p30425];p30425:[OK]
38;p30424;HELD;219813;219806;[p30426,p30425];[];VAZIO
39;p30424;WANTED;225833;225829;[p30425];[p30426];p30426:[OK,REQUEST]
40;p30424;WANTED;232327;232327;[];[p30425,p30426];p30425:[OK]
41;p30424;HELD;238440;238433;[p30426,p30425];[];VAZIO
42;p30424;RELEASED;243918;243910;[];[];VAZIO
43;p30424;HELD;250460;250454;[p30425];[];p30426:[REQUEST]
44;p30424;HELD;256231;256224;[p30425,p30426];[];VAZIO
45;p30424;WANTED;262943;262939;[p30425];[p30426];p30426:[OK]
46;p30424;WANTED;269214;269211;[];[p30426];p30425:[REQUEST]
47;p30424;WANTED;275758;275755;[];[p30426];p30425:[REQUEST]|p30426:[OK]
48;p30424;RELEASED;281771;281763;[];[];p30425:[REQUEST]
49;p30424;RELEASED;287528;287520;[];[];p30426:[REQUEST]
50;p30424;RELEASED;293801;293793;[];[];VAZIO
51;p30424;WANTED;299627;299627;[];[p30425,p30426];p30426:[OK,REQUEST]
52;p30424;RELEASED;305150;305142;[];[];VAZIO
53;p30424;HELD;311109;311104;[p30425];[];p30426:[REQUEST]
54;p30424;WANTED;317314;317314;[];[p30425,p30426];p30425:[OK,REQUEST]
55;p30424;WANTED;323424;323424;[];[p30425,p30426];p30425:[OK]
56;p30424;WANTED;330009;330009;[];[p30425,p30426];p30426:[OK,REQUEST]
57;p30424;RELEASED;336293;336286;[];[];p30425:[REQUEST]
58;p30424;WANTED;342381;342377;[p30426];[p30425];VAZIO
59;p30424;RELEASED;348629;348621;[];[];VAZIO
60;p30424;WANTED;354459;354459;[];[p30425,p30426];p30426:[OK]
61;p30424;RELEASED;360423;360415;[];[];VAZIO
62;p30424;WANTED;365866;365866;[];[p30425,p30426];p30425:[OK]
63;p30424;WANTED;371197;371197;[];[p30425,p30426];p30426:[OK,REQUEST]
64;p30424;WANTED;376538;376538;[];[p30425,p30426];p30425:[OK,REQUEST]
65;p30424;WANTED;381688;381684;[p30426];[p30425];p30425:[OK,REQUEST]
66;p30424;WANTED;386744;386740;[p30426];[p30425];p30425:[OK]
67;p30424;WANTED;392984;392984;[];[p30425,p30426];p30425:[OK,REQUEST]
68;p30424;WANTED;399199;399199;[];[p30425,p30426];p30425:[OK,REQUEST]
69;p30424;WANTED;403565;403561;[p30425];[p30426];p30426:[OK]
70;p30424;WANTED;409478;409475;[];[p30425];VAZIO
71;p30424;WANTED;415598;415595;[];[p30426];p30425:[REQUEST]|p30426:[OK,REQUEST]
72;p30424;WANTED;420564;420561;[];[p30425];p30426:[REQUEST]
73;p30424;RELEASED;426330;426322;[];[];VAZIO
74;p30424;WANTED;432163;432163;[];[p30425,p30426];p30426:[OK]
75;p30424;WANTED;438303;438303;[];[p30425,p30426];p30425:[OK]
76;p30424;RELEASED;443497;443489;[];[];VAZIO
77;p30424;WANTED;449211;449211;[];[p30425,p30426];p30425:[OK]
78;p30424;RELEASED;454561;454554;[];[];p30425:[REQUEST]
79;p30424;WANTED;460089;460085;[p30426];[p30425];VAZIO
80;p30424;WANTED;465640;465640;[];[p30425,p30426];p30425:[OK]
81;p30424;RELEASED;472031;472023;[];[];VAZIO
82;p30424;WANTED;477853;477853;[];[p30425,p30426];p30426:[OK]
83;p30424;RELEASED;484127;484119;[];[];VAZIO
84;p30424;WANTED;489930;489927;[];[p30425];p30425:[OK]|p30426:[REQUEST]
85;p30424;WANTED;496094;496091;[];[p30425];p30426:[REQUEST]
86;p30424;WANTED;502638;502638;[];[p30425,p30426];p30426:[OK]
87;p30424;HELD;509115;509109;[p30426];[];p30425:[REQUEST]
88;p30424;WANTED;515648;515644;[p30426];[p30425];p30425:[OK]
89;p30424;WANTED;521826;521826;[];[p30425,p30426];p30426:[OK]
90;p30424;WANTED;527561;527558;[];[p30425];p30426:[REQUEST]
91;p30424;WANTED;534278;534275;[];[p30425];p30426:[REQUEST]
92;p30424;HELD;540259;540252;[p30426,p30425];[];VAZIO
93;p30424;WANTED;547076;547072;[p30425];[p30426];p30426:[OK,REQUEST]
94;p30424;WANTED;553228;553228;[];[p30425,p30426];p30426:[OK]
95;p30424;WANTED;559115;559112;[];[p30426];p30425:[REQUEST]|p30426:[OK,REQUEST]
96;p30424;WANTED;565615;565615;[];[p30425,p30426];p30426:[OK]
97;p30424;HELD;571647;571641;[p30425];[];p30426:[REQUEST]
98;p30424;RELEASED;578266;578258;[];[];VAZIO
99;p30424;WANTED;583762;583758;[p30425];[p30426];p30426:[OK]
100;p30424;HELD;587639;587632;[p30425,p30426];[];VAZIO
101;p30424;RELEASED;593998;593990;[];[];VAZIO
102;p30424;RELEASED;599705;599697;[];[];VAZIO
103;p30424;RELEASED;605581;605573;[];[];VAZIO
104;p30424;RELEASED;610701;610693;[];[];VAZIO
105;p30424;WANTED;616108;616108;[];[p30425,p30426];p30425:[OK]
106;p30424;WANTED;621732;621732;[];[p30425,p30426];p30426:[OK]
107;p30424;WANTED;628476;628473;[];[p30425];p30425:[OK,REQUEST]|p30426:[REQUEST]
108;p30424;WANTED;634799;634799;[];[p30425,p30426];p30426:[OK,REQUEST]
109;p30424;RELEASED;640839;640831;[];[];VAZIO
110;p30424;WANTED;647212;647208;[p30426];[p30425];p30425:[OK]
111;p30424;WANTED;652571;652571;[];[p30425,p30426];VAZIO
112;p30424;HELD;658770;658763;[p30425,p30426];[];VAZIO
113;p30424;WANTED;665032;665028;[p30425];[p30426];p30426:[OK,REQUEST]
114;p30424;WANTED;671094;671094;[];[p30425,p30426];p30425:[OK]
115;p30424;WANTED;677345;677345;[];[p30425,p30426];p30425:[OK]
116;p30424;WANTED;682663;682659;[p30425];[p30426];p30426:[OK]
117;p30424;WANTED;689186;689186;[];[p30425,p30426];p30425:[OK]
118;p30424;RELEASED;695256;695248;[];[];VAZIO
119;p30424;WANTED;701997;701993;[p30426];[p30425];p30425:[OK]
120;p30424;HELD;708270;708265;[];[];p30425:[REQUEST]|p30426:[REQUEST]
121;p30424;HELD;714885;714879;[p30426];[];p30425:[REQUEST]
122;p30424;RELEASED;720998;720990;[];[];VAZIO
123;p30424;HELD;727161;727154;[p30425,p30426];[];VAZIO
124;p30424;HELD;733523;733517;[p30426];[];p30425:[REQUEST]
125;p30424;HELD;740106;740099;[p30426,p30425];[];VAZIO
126;p30424;HELD;745135;745129;[p30425];[];p30426:[REQUEST]
127;p30424;WANTED;751037;751037;[];[p30425,p30426];VAZIO
128;p30424;WANTED;757245;757245;[];[p30425,p30426];p30426:[OK]
129;p30424;WANTED;763340;763340;[];[p30425,p30426];p30425:[OK]
130;p30424;WANTED;770072;770072;[];[p30425,p30426];p30425:[OK]
131;p30424;RELEASED;776213;776205;[];[];VAZIO
132;p30424;WANTED;782262;782262;[];[p30425,p30426];VAZIO
133;p30424;HELD;788373;788366;[p30426,p30425];[];VAZIO
134;p30424;WANTED;794327;794327;[];[p30425,p30426];p30426:[OK]
135;p30424;HELD;800667;800661;[p30426];[];p30425:[REQUEST]
136;p30424;WANTED;806526;806522;[p30426];[p30425];p30425:[OK]
137;p30424;RELEASED;812199;812191;[];[];VAZIO
138;p30424;RELEASED;818109;818101;[];[];VAZIO
139;p30424;WANTED;824021;824021;[];[p30425,p30426];p30426:[OK]
140;p30424;WANTED;830631;830627;[p30426];[p30425];p30425:[OK]
141;p30424;HELD;836695;836688;[p30426,p30425];[];VAZIO
142;p30424;WANTED;843269;843265;[p30426];[p30425];p30425:[OK]
143;p30424;RELEASED;848594;848586;[];[];VAZIO
144;p30424;HELD;854888;854881;[p30425,p30426];[];VAZIO
145;p30424;RELEASED;861352;861344;[];[];VAZIO
146;p30424;RELEASED;867275;867267;[];[];VAZIO
147;p30424;WANTED;873376;873372;[p30426];[p30425];p30425:[OK]
148;p30424;WANTED;878614;878614;[];[p30425,p30426];p30425:[OK]
149;p30424;RELEASED;885061;885053;[];[];VAZIO
150;p30424;HELD;891270;891263;[p30425,p30426];[];VAZIO
151;p30424;WANTED;897543;897543;[];[p30425,p30426];VAZIO
152;p30424;WANTED;903694;903691;[];[p30426];p30426:[OK]
153;p30424;HELD;909478;909471;[p30425,p30426];[];VAZIO
154;p30424;HELD;915916;915909;[p30425,p30426];[];VAZIO
155;p30424;WANTED;922143;922139;[p30425];[p30426];p30426:[OK]
156;p30424;HELD;928375;928368;[p30425,p30426];[];VAZIO
157;p30424;WANTED;934252;934252;[];[p30425,p30426];p30425:[OK]
158;p30424;WANTED;939644;939640;[p30426];[p30425];p30425:[OK]
159;p30424;HELD;945871;945865;[p30426];[];p30425:[REQUEST]
160;p30424;WANTED;952624;952624;[];[p30425,p30426];p30426:[OK,REQUEST]
161;p30424;HELD;958477;958470;[p30425,p30426];[];VAZIO
162;p30424;RELEASED;964801;964793;[];[];VAZIO
163;p30424;WANTED;971161;971161;[];[p30425,p30426];p30426:[OK]
164;p30424;HELD;977726;977720;[p30426];[];p30425:[REQUEST]
165;p30424;WANTED;984554;984550;[p30426];[p30425];p30425:[OK]
166;p30424;HELD;990910;990903;[p30426,p30425];[];VAZIO
167;p30424;HELD;997466;997460;[p30425];[];p30426:[REQUEST]
168;p30424;HELD;1003179;1003174;[p30425];[];p30426:[REQUEST]
169;p30424;RELEASED;1009137;1009129;[];[];VAZIO
170;p30424;RELEASED;1015801;1015793;[];[];VAZIO
171;p30424;WANTED;1022034;1022030;[p30426];[p30425];p30425:[OK]
172;p30424;WANTED;1028573;1028569;[p30425];[p30426];p30426:[OK]
173;p30424;RELEASED;1034862;1034854;[];[];VAZIO
174;p30424;WANTED;1041413;1041409;[p30426];[p30425];VAZIO
175;p30424;WANTED;1047983;1047983;[];[p30425,p30426];p30426:[OK]
176;p30424;WANTED;1054591;1054591;[];[p30425,p30426];p30426:[OK]
177;p30424;HELD;1061239;1061233;[p30426];[];p30425:[REQUEST]
178;p30424;WANTED;1067449;1067449;[];[p30425,p30426];VAZIO
179;p30424;WANTED;1073819;1073819;[];[p30425,p30426];p30426:[OK,REQUEST]
180;p30424;WANTED;1079829;1079826;[];[p30426];p30425:[REQUEST]|p30426:[OK,REQUEST]
181;p30424;HELD;1086251;1086245;[p30425];[];p30426:[REQUEST]
182;p30424;WANTED;1092560;1092557;[];[p30426];p30425:[REQUEST]|p30426:[OK,REQUEST]
183;p30424;WANTED;1099183;1099179;[p30425];[p30426];p30426:[OK,REQUEST]
184;p30424;WANTED;1105408;1105404;[p30426];[p30425];p30425:[OK]
185;p30424;WANTED;1112094;1112090;[p30426];[p30425];p30425:[OK]
186;p30424;WANTED;1118807;1118807;[];[p30425,p30426];p30425:[OK]
187;p30424;WANTED;1125123;1125120;[];[p30425];p30426:[REQUEST]
188;p30424;HELD;1131805;1131799;[p30425];[];p30426:[REQUEST]
189;p30424;WANTED;1138381;1138378;[];[p30426];p30425:[REQUEST]|p30426:[OK,REQUEST]
190;p30424;RELEASED;1144370;1144362;[];[];VAZIO
191;p30424;WANTED;1150870;1150870;[];[p30425,p30426];p30426:[OK]
192;p30424;HELD;1157525;1157518;[p30425,p30426];[];VAZIO
193;p30424;RELEASED;1163958;1163950;[];[];VAZIO
194;p30424;HELD;1170355;1170350;[p30425];[];p30426:[REQUEST]
195;p30424;WANTED;1177203;1177203;[];[p30425,p30426];p30426:[OK]
196;p30424;RELEASED;1183501;1183493;[];[];VAZIO
197;p30424;WANTED;1189997;1189997;[];[p30425,p30426];p30425:[OK]
198;p30424;RELEASED;1196050;1196042;[];[];VAZIO
199;p30424;HELD;1202474;1202467;[p30426,p30425];[];VAZIO
200;p30424;RELEASED;1208395;1208387;[];[];VAZIO
201;p30424;RELEASED;1214366;1214358;[];[];VAZIO
202;p30424;WANTED;1220900;1220900;[];[p30425,p30426];p30426:[OK]
203;p30424;RELEASED;1227016;1227008;[];[];VAZIO
204;p30424;HELD;1233539;1233533;[p30426];[];p30425:[REQUEST]
205;p30424;WANTED;1239770;1239770;[];[p30425,p30426];p30426:[OK,REQUEST]
206;p30424;WANTED;1246506;1246506;[];[p30425,p30426];p30425:[OK]
207;p30424;WANTED;1252998;1252998;[];[p30425,p30426];p30425:[OK]|p30426:[OK]
208;p30424;WANTED;1259242;1259238;[p30426];[p30425];VAZIO
209;p30424;WANTED;1265852;1265849;[];[p30426];p30425:[REQUEST]|p30426:[OK,REQUEST]
210;p30424;WANTED;1271863;1271863;[];[p30425,p30426];p30425:[OK]
211;p30424;WANTED;1277892;1277892;[];[p30425,p30426];p30425:[OK]
212;p30424;WANTED;1284213;1284210;[];[p30425];p30425:[OK,REQUEST]|p30426:[REQUEST]
213;p30424;HELD;1290628;1290621;[p30425,p30426];[];VAZIO
214;p30424;WANTED;1297258;1297255;[];[p30426];p30426:[OK]
215;p30424;RELEASED;1303833;1303825;[];[];VAZIO
216;p30424;HELD;1310549;1310543;[p30426];[];p30425:[REQUEST]
217;p30424;HELD;1317190;1317184;[p30426];[];VAZIO
218;p30424;WANTED;1323509;1323509;[];[p30425,p30426];p30426:[OK]
219;p30424;HELD;1329923;1329916;[p30426,p30425];[];VAZIO
220;p30424;WANTED;1336443;1336439;[p30426];[p30425];p30425:[OK]
221;p30424;WANTED;1342962;1342962;[];[p30425,p30426];p30425:[OK]
222;p30424;WANTED;1348953;1348953;[];[p30425,p30426];p30425:[OK]|p30426:[OK]
223;p30424;WANTED;1354862;1354858;[p30426];[p30425];p30425:[OK]
224;p30424;WANTED;1361454;1361454;[];[p30425,p30426];p30426:[OK]
225;p30424;RELEASED;1368263;1368255;[];[];p30425:[REQUEST]
226;p30424;WANTED;1374724;1374724;[];[p30425,p30426];p30426:[OK,REQUEST]
227;p30424;WANTED;1381097;1381097;[];[p30425,p30426];p30426:[OK,REQUEST]
228;p30424;RELEASED;1387168;1387160;[];[];VAZIO
229;p30424;WANTED;1393736;1393733;[];[p30426];p30425:[REQUEST]
230;p30424;WANTED;1399560;1399560;[];[p30425,p30426];p30425:[OK]
231;p30424;RELEASED;1406082;1406074;[];[];VAZIO
232;p30424;RELEASED;1411920;1411912;[];[];p30425:[REQUEST]
233;p30424;WANTED;1417794;1417790;[p30426];[p30425];p30425:[OK]
234;p30424;WANTED;1424458;1424458;[];[p30425,p30426];p30425:[OK,REQUEST]|p30426:[REQUEST,OK]
235;p30424;HELD;1430514;1430508;[p30426];[];p30425:[REQUEST]
236;p30424;WANTED;1434895;1434895;[];[p30425,p30426];p30425:[OK]
237;p30424;HELD;1440334;1440328;[p30425];[];VAZIO
238;p30424;HELD;1445995;1445988;[p30426,p30425];[];VAZIO
239;p30424;WANTED;1451728;1451728;[];[p30425,p30426];p30425:[OK]|p30426:[OK]
240;p30424;WANTED;1458067;1458063;[p30425];[p30426];p30426:[OK]
241;p30424;RELEASED;1464369;1464363;[];[];p30426:[REQUEST]
242;p30424;HELD;1470574;1470569;[p30426];[];p30425:[REQUEST]
243;p30424;WANTED;1476687;1476687;[];[p30425,p30426];p30425:[OK]
244;p30424;WANTED;1482967;1482964;[];[p30425];p30425:[OK]|p30426:[REQUEST]
245;p30424;RELEASED;1489730;1489722;[];[];VAZIO
246;p30424;WANTED;1495528;1495528;[];[p30425,p30426];p30425:[OK]
247;p30424;HELD;1501723;1501715;[p30426,p30425];[];VAZIO
248;p30424;WANTED;1507984;1507984;[];[p30425,p30426];p30425:[OK]
249;p30424;RELEASED;1514456;1514448;[];[];VAZIO
250;p30424;WANTED;1520874;1520874;[];[p30425,p30426];p30425:[OK]
251;p30424;WANTED;1527049;1527049;[];[p30425,p30426];p30425:[OK,REQUEST]
252;p30424;WANTED;1533604;1533604;[];[p30425,p30426];p30425:[OK]
253;p30424;WANTED;1539359;1539359;[];[p30425,p30426];VAZIO
254;p30424;WANTED;1545663;1545659;[p30425];[p30426];p30426:[OK,REQUEST]
255;p30424;WANTED;1552273;1552273;[];[p30425,p30426];p30425:[OK]
256;p30424;WANTED;1558506;1558506;[];[p30425,p30426];p30425:[OK]
257;p30424;WANTED;1564897;1564897;[];[p30425,p30426];p30425:[OK]
258;p30424;WANTED;1571014;1571014;[];[p30425,p30426];p30425:[OK]
259;p30424;WANTED;1577606;1577602;[p30425];[p30426];p30426:[OK]
260;p30424;WANTED;1583994;1583994;[];[p30425,p30426];p30425:[OK]
261;p30424;HELD;1590555;1590548;[p30425,p30426];[];VAZIO
262;p30424;WANTED;1596741;1596738;[];[p30426];p30425:[REQUEST]
263;p30424;HELD;1603352;1603346;[p30425];[];p30426:[REQUEST]
264;p30424;HELD;1608742;1608735;[p30425,p30426];[];VAZIO
265;p30424;WANTED;1614036;1614032;[p30426];[p30425];p30425:[OK,REQUEST]
266;p30424;WANTED;1620361;1620357;[p30426];[p30425];p30425:[OK]
267;p30424;HELD;1625048;1625041;[p30426,p30425];[];VAZIO
268;p30424;WANTED;1630685;1630681;[p30426];[p30425];p30425:[OK]
269;p30424;WANTED;1636720;1636720;[];[p30425,p30426];p30426:[OK]
270;p30424;WANTED;1643014;1643011;[];[p30425];p30425:[OK]|p30426:[REQUEST]
271;p30424;WANTED;1648064;1648064;[];[p30425,p30426];p30425:[OK]
272;p30424;HELD;1653734;1653727;[p30425,p30426];[];VAZIO
273;p30424;RELEASED;1660305;1660297;[];[];VAZIO
274;p30424;WANTED;1666453;1666453;[];[p30425,p30426];p30425:[OK]
275;p30424;RELEASED;1672504;1672496;[];[];VAZIO
276;p30424;WANTED;1678997;1678994;[];[p30426];p30425:[REQUEST]
277;p30424;WANTED;1685318;1685318;[];[p30425,p30426];p30425:[OK,REQUEST]
278;p30424;HELD;1691490;1691483;[p30425,p30426];[];VAZIO
279;p30424;WANTED;1698215;1698215;[];[p30425,p30426];p30425:[OK]
280;p30424;HELD;1704781;1704775;[p30425];[];p30426:[REQUEST]
281;p30424;WANTED;1710919;1710916;[];[p30425];p30425:[OK,REQUEST]|p30426:[REQUEST]
282;p30424;WANTED;1717515;1717509;[p30425];[];p30426:[REQUEST]
283;p30424;WANTED;1723893;1723893;[];[p30425,p30426];p30425:[OK]
284;p30424;RELEASED;1730369;1730361;[];[];VAZIO
285;p30424;RELEASED;1735648;1735640;[];[];VAZIO
286;p30424;RELEASED;1741400;1741392;[];[];VAZIO
287;p30424;WANTED;1746159;1746159;[];[p30425,p30426];p30425:[OK,REQUEST]
288;p30424;HELD;1750733;1750727;[p30425];[];p30426:[REQUEST]
289;p30424;WANTED;1756885;1756885;[];[p30425,p30426];p30425:[OK,REQUEST]
290;p30424;WANTED;1763263;1763263;[];[p30425,p30426];p30425:[OK]
291;p30424;RELEASED;1769507;1769499;[];[];VAZIO
292;p30424;WANTED;1775681;1775681;[];[p30425,p30426];p30425:[OK,REQUEST]
293;p30424;WANTED;1782275;1782271;[p30425];[p30426];p30426:[OK]
294;p30424;RELEASED;1787740;1787732;[];[];VAZIO
295;p30424;RELEASED;1793458;1793450;[];[];VAZIO
296;p30424;RELEASED;1799587;1799579;[];[];VAZIO
297;p30424;WANTED;1805608;1805608;[];[p30425,p30426];p30426:[OK,REQUEST]
298;p30424;WANTED;1812112;1812112;[];[p30425,p30426];p30425:[OK]
299;p30424;RELEASED;1818438;1818430;[];[];VAZIO
300;p30424;HELD;1824707;1824702;[p30425];[];p30426:[REQUEST]
