1;p49071;WANTED;11637;11633;[p49073];p49072:[OK,REQUEST]
2;p49071;WANTED;23961;23957;[p49072];p49073:[OK]
3;p49071;WANTED;37409;37405;[p49073];p49072:[OK]
4;p49071;WANTED;50519;50515;[p49073];p49072:[OK]
5;p49071;HELD;64381;64376;[p49073];p49072:[REQUEST]
6;p49071;HELD;78314;78308;[p49073];p49072:[REQUEST]
7;p49071;WANTED;91824;91824;[];p49072:[OK]
8;p49071;RELEASED;105674;105666;[];p49072:[REQUEST]
9;p49071;WANTED;119433;119430;[];p49073:[REQUEST]
10;p49071;HELD;133303;133297;[p49073];p49072:[REQUEST]
11;p49071;WANTED;147229;147226;[];p49073:[REQUEST]
12;p49071;WANTED;160942;160938;[p49073];p49072:[OK]
13;p49071;RELEASED;174807;174799;[];VAZIO
14;p49071;RELEASED;188559;188551;[];VAZIO
15;p49071;WANTED;202558;202554;[p49073];p49072:[OK]
16;p49071;WANTED;216497;216494;[];p49072:[REQUEST]|p49073:[OK]
17;p49071;RELEASED;230108;230100;[];VAZIO
18;p49071;RELEASED;244128;244120;[];VAZIO
19;p49071;RELEASED;257874;257866;[];VAZIO
20;p49071;WANTED;271892;271892;[];p49072:[OK]
21;p49071;RELEASED;285636;285628;[];VAZIO
22;p49071;HELD;299277;299270;[p49072,p49073];VAZIO
23;p49071;WANTED;313148;313148;[];p49072:[OK]
24;p49071;RELEASED;326828;326820;[];VAZIO
25;p49071;HELD;340678;340672;[p49073];p49072:[REQUEST]
26;p49071;WANTED;354593;354590;[];p49072:[REQUEST]
27;p49071;WANTED;368261;368261;[];p49072:[OK]
28;p49071;WANTED;382199;382199;[];p49073:[OK,REQUEST]
29;p49071;WANTED;395926;395922;[p49073];p49072:[OK]
