1;p60300;WANTED;3259;3252;[p60304,p60302];[p60303,p60301];p60305:[REQUEST]|p60303:[OK,REQUEST]|p60301:[OK]
2;p60300;HELD;6847;6834;[p60302,p60305,p60303,p60301];[];p60304:[REQUEST]
3;p60300;WANTED;10447;10436;[p60302,p60305,p60301];[p60304];p60303:[REQUEST]|p60304:[OK]
4;p60300;WANTED;14193;14185;[p60304,p60302,p60305];[p60303,p60301];p60301:[OK]
5;p60300;WANTED;19057;19053;[p60304];[p60305,p60303,p60301];p60305:[OK]|p60301:[OK]|p60302:[REQUEST]
6;p60300;WANTED;23940;23937;[];[p60305,p60303,p60301,p60302];p60304:[REQUEST]|p60302:[OK]
7;p60300;WANTED;28200;28191;[p60304,p60302];[p60303];p60305:[REQUEST]|p60303:[OK]|p60301:[REQUEST]
8;p60300;WANTED;32751;32747;[p60302];[p60305,p60303,p60304];p60304:[OK]|p60301:[REQUEST]
9;p60300;WANTED;37485;37482;[];[p60305,p60303,p60304,p60301];p60301:[OK]|p60302:[REQUEST]
10;p60300;WANTED;42229;42219;[p60302,p60303];[p60305];p60305:[OK]|p60304:[REQUEST]|p60301:[REQUEST]
11;p60300;WANTED;47003;46994;[p60302,p60303];[p60305,p60301];p60305:[OK]|p60304:[REQUEST]|p60301:[OK,REQUEST]
12;p60300;WANTED;51788;51782;[p60302];[p60303,p60304,p60301];p60304:[OK]
13;p60300;WANTED;56647;56640;[p60303,p60302];[p60305,p60301];p60305:[OK]|p60304:[REQUEST]
14;p60300;WANTED;61464;61464;[];[p60305,p60303,p60304,p60301,p60302];p60302:[OK,REQUEST]
15;p60300;WANTED;66312;66307;[];[p60305,p60304,p60301];p60303:[REQUEST]|p60301:[OK]|p60302:[REQUEST]
16;p60300;WANTED;70917;70915;[];[p60305,p60303,p60304,p60301];p60303:[OK]|p60302:[REQUEST]
17;p60300;WANTED;75840;75833;[p60302,p60301];[p60303,p60304];p60305:[REQUEST]|p60304:[OK]
18;p60300;WANTED;80761;80753;[p60302,p60301];[p60303,p60304];p60304:[OK]
19;p60300;HELD;85467;85453;[p60304,p60302,p60301,p60305];[];p60303:[REQUEST]
20;p60300;RELEASED;90012;89996;[];[];VAZIO
21;p60300;RELEASED;94048;94032;[];[];p60301:[REQUEST]
22;p60300;WANTED;97762;97755;[p60301];[p60305,p60302];p60305:[OK]|p60303:[REQUEST]|p60304:[REQUEST]|p60302:[OK]
23;p60300;WANTED;102369;102367;[];[p60305,p60303,p60301,p60302];p60303:[OK]|p60304:[REQUEST]
24;p60300;HELD;107097;107083;[p60303,p60305,p60301,p60302];[];p60304:[REQUEST]
25;p60300;WANTED;111633;111633;[];[p60305,p60303,p60304,p60301,p60302];p60305:[OK]|p60301:[OK]
26;p60300;WANTED;116499;116494;[p60304];[p60303,p60301,p60302];p60305:[REQUEST]|p60301:[OK]|p60302:[OK,REQUEST]
27;p60300;WANTED;120962;120962;[];[p60305,p60303,p60304,p60301,p60302];p60303:[OK,REQUEST]|p60304:[OK]
28;p60300;WANTED;125962;125962;[];[p60305,p60303,p60304,p60301,p60302];p60303:[OK,REQUEST]|p60304:[OK]
29;p60300;WANTED;130973;130971;[];[p60305,p60304,p60301,p60302];p60303:[REQUEST]|p60302:[OK,REQUEST]
30;p60300;HELD;136237;136224;[p60303,p60302,p60305,p60301];[];p60304:[REQUEST]
31;p60300;RELEASED;141135;141121;[];[];VAZIO
32;p60300;WANTED;146467;146467;[];[p60305,p60303,p60304,p60301,p60302];p60303:[OK,REQUEST]|p60304:[OK,REQUEST]
33;p60300;WANTED;151045;151045;[];[p60305,p60303,p60304,p60301,p60302];p60303:[OK,REQUEST]|p60304:[OK]
34;p60300;WANTED;155709;155706;[p60303];[p60305,p60304,p60301,p60302];p60304:[OK]
35;p60300;HELD;160442;160428;[p60303,p60304,p60305,p60301];[];p60302:[REQUEST]
36;p60300;WANTED;164833;164829;[];[p60305,p60301,p60302];p60305:[OK]|p60303:[REQUEST]|p60304:[REQUEST]
37;p60300;WANTED;169799;169795;[p60304];[p60305,p60301,p60302];p60303:[REQUEST]|p60301:[OK]
38;p60300;WANTED;174386;174384;[];[p60305,p60304,p60301,p60302];p60303:[REQUEST]|p60304:[OK]
39;p60300;RELEASED;178865;178848;[];[];p60303:[REQUEST]|p60301:[REQUEST]|p60302:[REQUEST]
40;p60300;WANTED;182755;182746;[p60305,p60303];[p60304,p60301];p60301:[OK]|p60302:[REQUEST]
41;p60300;WANTED;187156;187156;[];[p60305,p60303,p60304,p60301,p60302];p60302:[OK,REQUEST]
42;p60300;HELD;190751;190738;[p60301,p60302,p60305,p60304];[];p60303:[REQUEST]
43;p60300;WANTED;195696;195694;[];[p60305,p60304,p60301,p60302];p60303:[REQUEST]|p60301:[OK,REQUEST]
44;p60300;WANTED;200638;200633;[p60305];[p60304,p60301,p60302];p60303:[REQUEST]|p60301:[OK,REQUEST]|p60302:[OK]
45;p60300;RELEASED;205764;205749;[];[];p60304:[REQUEST]
46;p60300;WANTED;211008;211000;[p60305,p60301];[p60304,p60302];p60303:[REQUEST]|p60302:[OK]
47;p60300;WANTED;216136;216127;[p60304,p60305];[p60303,p60302];p60303:[OK,REQUEST]|p60301:[REQUEST]|p60302:[OK]
48;p60300;RELEASED;221217;221202;[];[];p60302:[REQUEST]
49;p60300;HELD;226175;226161;[p60305,p60304,p60301,p60303];[];p60302:[REQUEST]
50;p60300;WANTED;231549;231547;[];[p60305,p60303,p60301,p60302];p60304:[REQUEST]|p60301:[OK]
51;p60300;WANTED;236403;236394;[p60304,p60302];[p60303];p60303:[OK]|p60301:[REQUEST]
52;p60300;WANTED;241623;241623;[];[p60305,p60303,p60304,p60301,p60302];p60302:[OK,REQUEST]
53;p60300;WANTED;246890;246887;[];[p60303,p60304,p60301,p60302];p60305:[REQUEST]|p60301:[OK]|p60302:[OK,REQUEST]
54;p60300;WANTED;251656;251654;[];[p60305,p60304,p60301,p60302];p60305:[OK]|p60303:[REQUEST]|p60302:[OK]
55;p60300;WANTED;256778;256768;[p60305,p60303];[p60304,p60301];p60301:[OK,REQUEST]|p60302:[REQUEST]
56;p60300;WANTED;262209;262198;[p60305,p60302];[p60301];p60303:[REQUEST]|p60304:[REQUEST]|p60301:[OK]
57;p60300;WANTED;267695;267686;[p60305];[p60303,p60304,p60301];p60303:[OK]|p60302:[REQUEST]
58;p60300;WANTED;273113;273102;[p60305,p60302,p60301];[p60304];p60304:[OK]
59;p60300;WANTED;278528;278517;[p60305,p60302,p60301];[p60303,p60304];VAZIO
60;p60300;RELEASED;283625;283609;[];[];p60304:[REQUEST]
61;p60300;RELEASED;288570;288556;[];[];p60303:[REQUEST]
62;p60300;WANTED;293561;293556;[p60303];[p60305,p60304,p60301];p60305:[OK]|p60302:[REQUEST]
63;p60300;WANTED;298672;298672;[];[p60305,p60303,p60304,p60301,p60302];p60302:[OK]
64;p60300;WANTED;303652;303646;[p60301,p60302];[p60305,p60303,p60304];p60304:[OK]
65;p60300;WANTED;308653;308647;[p60305];[p60304,p60301,p60302];p60303:[REQUEST]|p60301:[OK]
66;p60300;WANTED;313499;313490;[p60303,p60301,p60305];[p60304];p60304:[OK]|p60302:[REQUEST]
67;p60300;WANTED;318422;318417;[p60301];[p60305,p60304,p60302];p60305:[OK]|p60303:[REQUEST]
68;p60300;WANTED;323287;323287;[];[p60305,p60303,p60304,p60301,p60302];VAZIO
69;p60300;RELEASED;328635;328621;[];[];p60302:[REQUEST]
70;p60300;WANTED;333934;333930;[p60301];[p60305,p60303,p60304,p60302];p60305:[OK]
71;p60300;WANTED;338220;338217;[p60301];[p60305,p60303,p60304,p60302];p60304:[OK]
72;p60300;HELD;343390;343377;[p60304,p60305,p60303,p60302];[];VAZIO
73;p60300;HELD;348213;348198;[p60304,p60305,p60303,p60301];[];p60302:[REQUEST]
74;p60300;RELEASED;353198;353184;[];[];p60303:[REQUEST]
75;p60300;RELEASED;357957;357941;[];[];p60305:[REQUEST]
76;p60300;WANTED;362750;362741;[p60302,p60304,p60301];[p60305,p60303];p60303:[OK,REQUEST]
77;p60300;WANTED;367820;367809;[p60304,p60301,p60303];[p60302];p60302:[OK,REQUEST]
78;p60300;WANTED;372918;372916;[];[p60305,p60303,p60301,p60302];p60304:[REQUEST]|p60301:[OK]
79;p60300;WANTED;377916;377910;[p60301];[p60305,p60304,p60302];p60303:[REQUEST]|p60302:[OK,REQUEST]
80;p60300;WANTED;383153;383142;[p60304,p60301,p60303];[p60305];p60302:[REQUEST]
81;p60300;WANTED;388208;388206;[];[p60303,p60304,p60301,p60302];p60305:[REQUEST]|p60304:[OK]
82;p60300;WANTED;393202;393192;[p60305,p60304];[p60302];p60303:[REQUEST]|p60301:[REQUEST]|p60302:[OK]
83;p60300;WANTED;398193;398193;[];[p60305,p60303,p60304,p60301,p60302];VAZIO
84;p60300;WANTED;402892;402882;[p60305,p60302,p60303];[p60304,p60301];p60304:[OK]
85;p60300;WANTED;407916;407910;[p60305];[p60303,p60304,p60301];p60303:[OK]|p60302:[REQUEST]
86;p60300;HELD;412836;412823;[p60302,p60304,p60305];[];p60303:[REQUEST]|p60301:[REQUEST]
87;p60300;WANTED;417858;417858;[];[p60305,p60303,p60304,p60301,p60302];p60304:[OK]|p60302:[OK,REQUEST]
88;p60300;RELEASED;422724;422709;[];[];p60301:[REQUEST]
89;p60300;WANTED;427969;427969;[];[p60305,p60303,p60304,p60301,p60302];p60305:[OK]|p60302:[OK]
90;p60300;WANTED;432904;432904;[];[p60305,p60303,p60304,p60301,p60302];p60303:[OK,REQUEST]|p60302:[OK]
91;p60300;WANTED;437864;437857;[p60301,p60302];[p60305,p60304];p60303:[REQUEST]|p60304:[OK]
92;p60300;HELD;442710;442694;[p60301,p60302,p60305,p60303];[];p60304:[REQUEST]
93;p60300;WANTED;446519;446510;[p60305,p60303];[p60301,p60302];p60304:[REQUEST]|p60301:[OK]
94;p60300;WANTED;450531;450523;[p60303,p60304];[p60305,p60302];p60301:[REQUEST]|p60302:[OK]
95;p60300;WANTED;455085;455080;[p60303];[p60305,p60304,p60302];p60301:[REQUEST]|p60302:[OK]
96;p60300;WANTED;459996;459986;[p60303,p60301];[p60305,p60304];p60305:[OK]|p60304:[OK]|p60302:[REQUEST]
97;p60300;WANTED;464801;464797;[p60304];[p60305,p60301,p60302];p60303:[REQUEST]|p60301:[OK]|p60302:[OK]
98;p60300;WANTED;469607;469599;[p60304,p60303];[p60305,p60302];p60301:[REQUEST]|p60302:[OK]
99;p60300;WANTED;474463;474459;[p60301];[p60305,p60303,p60304,p60302];p60303:[OK]|p60304:[OK,REQUEST]
100;p60300;WANTED;479614;479614;[];[p60305,p60303,p60304,p60301,p60302];p60303:[OK]|p60301:[OK,REQUEST]
101;p60300;WANTED;484537;484530;[p60303,p60304];[p60305,p60302];p60305:[OK]|p60301:[REQUEST]|p60302:[OK]
102;p60300;WANTED;489022;489019;[p60305];[p60303,p60304,p60301,p60302];p60303:[OK]|p60304:[OK,REQUEST]
103;p60300;WANTED;493701;493698;[];[p60305,p60304,p60301,p60302];p60303:[REQUEST]|p60304:[OK]|p60301:[OK]
104;p60300;HELD;498735;498721;[p60303,p60301,p60304,p60302];[];VAZIO
105;p60300;WANTED;503115;503115;[];[p60305,p60303,p60304,p60301,p60302];p60301:[OK,REQUEST]
106;p60300;WANTED;507443;507439;[p60303];[p60305,p60301,p60302];p60304:[REQUEST]|p60302:[OK,REQUEST]
107;p60300;WANTED;511738;511728;[p60303,p60305,p60301];[p60302];p60304:[REQUEST]|p60302:[OK]
108;p60300;WANTED;515269;515258;[p60303,p60305,p60301];[p60302];p60304:[REQUEST]|p60302:[OK,REQUEST]
109;p60300;WANTED;520223;520213;[p60305,p60303,p60301];[p60302];p60304:[REQUEST]|p60302:[OK,REQUEST]
110;p60300;WANTED;524295;524292;[];[p60303,p60304,p60301,p60302];p60303:[OK]
111;p60300;WANTED;528710;528702;[p60302,p60303];[p60304,p60301];p60305:[REQUEST]|p60304:[OK]
