1;p60304;WANTED;3263;3254;[p60302,p60305];[p60300];p60303:[REQUEST]
2;p60304;WANTED;6847;6847;[];[p60305,p60303,p60301,p60302,p60300];VAZIO
3;p60304;RELEASED;10449;10432;[];[];VAZIO
4;p60304;WANTED;14194;14187;[p60302,p60305];[p60303,p60300];VAZIO
5;p60304;WANTED;19060;19055;[p60302];[p60303,p60301,p60300];p60301:[OK]
6;p60304;WANTED;23940;23940;[];[p60305,p60303,p60301,p60302,p60300];p60302:[OK]
7;p60304;WANTED;28203;28193;[p60302,p60305,p60301];[p60300];VAZIO
8;p60304;RELEASED;32753;32737;[];[];p60301:[REQUEST]
9;p60304;HELD;37486;37474;[p60303,p60305,p60300];[];p60302:[REQUEST]
10;p60304;WANTED;42230;42230;[];[p60305,p60303,p60301,p60302,p60300];VAZIO
11;p60304;WANTED;47007;47003;[p60301];[p60305,p60303,p60302,p60300];p60305:[OK]
12;p60304;RELEASED;51789;51774;[];[];VAZIO
13;p60304;WANTED;56647;56647;[];[p60305,p60303,p60301,p60302,p60300];p60305:[OK]
14;p60304;WANTED;61466;61457;[p60305,p60300];[p60303,p60301];p60302:[REQUEST]
15;p60304;HELD;66316;66300;[p60305,p60300,p60302,p60303];[];VAZIO
16;p60304;WANTED;70919;70912;[p60300,p60302];[p60305,p60301];VAZIO
17;p60304;RELEASED;75842;75826;[];[];VAZIO
18;p60304;RELEASED;80762;80748;[];[];VAZIO
19;p60304;WANTED;85467;85455;[p60302,p60301,p60305,p60303];[p60300];VAZIO
20;p60304;RELEASED;90013;89998;[];[];VAZIO
21;p60304;WANTED;94051;94041;[p60302,p60301];[p60303];VAZIO
22;p60304;WANTED;97764;97760;[p60303];[p60305,p60301,p60302,p60300];p60305:[OK]|p60302:[OK]
23;p60304;WANTED;102369;102369;[];[p60305,p60303,p60301,p60302,p60300];VAZIO
24;p60304;WANTED;107097;107097;[];[p60305,p60303,p60301,p60302,p60300];VAZIO
25;p60304;WANTED;111636;111630;[p60300];[p60303,p60301,p60302];p60301:[OK]
26;p60304;WANTED;116503;116496;[p60305,p60302];[p60303,p60301,p60300];p60301:[OK]
27;p60304;RELEASED;120965;120951;[];[];p60303:[REQUEST]
28;p60304;RELEASED;125966;125949;[];[];VAZIO
29;p60304;WANTED;130975;130968;[p60300,p60303];[p60305,p60301];p60302:[REQUEST]
30;p60304;WANTED;136237;136237;[];[p60305,p60303,p60301,p60302,p60300];VAZIO
31;p60304;RELEASED;141136;141123;[];[];VAZIO
32;p60304;WANTED;146472;146472;[];[p60305,p60303,p60301,p60302,p60300];VAZIO
33;p60304;RELEASED;151048;151033;[];[];p60303:[REQUEST]
34;p60304;RELEASED;155710;155694;[];[];VAZIO
35;p60304;WANTED;160442;160434;[p60305,p60301];[p60303,p60300];p60302:[REQUEST]
36;p60304;WANTED;164835;164832;[p60303];[p60305,p60301,p60302,p60300];p60305:[OK]
37;p60304;WANTED;169801;169797;[p60303];[p60305,p60301,p60302,p60300];p60301:[OK]
38;p60304;RELEASED;174387;174372;[];[];p60303:[REQUEST]
39;p60304;HELD;178872;178857;[p60305,p60303,p60301];[];p60302:[REQUEST]
40;p60304;HELD;182758;182743;[p60300,p60305,p60303,p60302];[];VAZIO
41;p60304;HELD;187159;187144;[p60305,p60303,p60301,p60300];[];p60302:[REQUEST]
42;p60304;WANTED;190752;190749;[p60303];[p60305,p60301,p60302,p60300];VAZIO
43;p60304;WANTED;195698;195687;[p60305,p60300,p60303];[p60302];p60301:[REQUEST]
44;p60304;WANTED;200641;200630;[p60300,p60305,p60303];[p60302];p60301:[REQUEST]|p60302:[OK]
45;p60304;WANTED;205763;205763;[];[p60305,p60303,p60301,p60302,p60300];VAZIO
46;p60304;HELD;211010;210997;[p60300,p60305,p60301,p60303];[];VAZIO
47;p60304;WANTED;216140;216130;[p60305,p60301,p60303];[p60300];VAZIO
48;p60304;HELD;221219;221205;[p60305,p60301,p60303,p60302];[];VAZIO
49;p60304;WANTED;226174;226167;[p60301,p60303];[p60305,p60300];p60302:[REQUEST]
50;p60304;WANTED;231549;231549;[];[p60305,p60303,p60301,p60302,p60300];VAZIO
51;p60304;WANTED;236404;236396;[p60302,p60301];[p60303,p60300];p60303:[OK]
52;p60304;HELD;241626;241610;[p60301,p60305,p60303,p60300];[];p60302:[REQUEST]
53;p60304;WANTED;246895;246881;[p60303,p60300,p60305,p60302];[p60301];p60301:[OK]
54;p60304;WANTED;251659;251651;[p60300,p60303];[p60301,p60302];p60302:[OK]
55;p60304;HELD;256780;256765;[p60300,p60305,p60303,p60302];[];p60301:[REQUEST]
56;p60304;WANTED;262210;262210;[];[p60305,p60303,p60301,p60302,p60300];VAZIO
57;p60304;HELD;267697;267681;[p60301,p60300,p60305,p60302];[];VAZIO
58;p60304;RELEASED;273114;273100;[];[];VAZIO
59;p60304;WANTED;278528;278514;[p60300,p60305,p60302,p60301];[p60303];VAZIO
60;p60304;WANTED;283624;283624;[];[p60305,p60303,p60301,p60302,p60300];p60303:[OK]
61;p60304;HELD;288574;288561;[p60305,p60301,p60303];[];VAZIO
62;p60304;HELD;293565;293551;[p60301,p60300,p60303,p60302];[];VAZIO
63;p60304;WANTED;298674;298669;[p60300];[p60305,p60301,p60302];p60302:[OK]
64;p60304;RELEASED;303651;303636;[];[];p60302:[REQUEST]
65;p60304;WANTED;308655;308644;[p60300,p60305,p60303];[p60302];VAZIO
66;p60304;RELEASED;313500;313487;[];[];p60302:[REQUEST]
67;p60304;WANTED;318423;318414;[p60300,p60301,p60303];[p60305,p60302];p60305:[OK]
68;p60304;WANTED;323288;323281;[p60302,p60300];[p60305,p60303,p60301];p60305:[OK]
69;p60304;WANTED;328639;328632;[p60302];[p60305,p60303];VAZIO
70;p60304;WANTED;333936;333924;[p60302,p60300,p60301];[p60303];VAZIO
71;p60304;RELEASED;338220;338204;[];[];p60301:[REQUEST]
72;p60304;WANTED;343390;343379;[p60305,p60303,p60302];[p60300];VAZIO
73;p60304;WANTED;348212;348201;[p60305,p60303,p60301];[p60300];p60302:[REQUEST]
74;p60304;WANTED;353200;353189;[p60305,p60301,p60303];[p60302];p60302:[OK]
75;p60304;WANTED;357958;357946;[p60301,p60303,p60305];[p60302];p60302:[OK]
76;p60304;WANTED;362752;362746;[p60301,p60303];[p60305,p60302,p60300];VAZIO
77;p60304;WANTED;367822;367811;[p60301,p60303];[p60300];p60302:[REQUEST]
78;p60304;WANTED;372918;372918;[];[p60305,p60303,p60301,p60302,p60300];VAZIO
79;p60304;WANTED;377918;377908;[p60300,p60301,p60303];[p60305];p60302:[REQUEST]
80;p60304;WANTED;383153;383146;[p60301,p60303];[p60305,p60300];p60302:[REQUEST]
81;p60304;RELEASED;388210;388194;[];[];VAZIO
82;p60304;WANTED;393202;393198;[p60303];[p60305,p60302,p60300];p60301:[REQUEST]|p60302:[OK]
83;p60304;RELEASED;398194;398178;[];[];p60300:[REQUEST]
84;p60304;RELEASED;402893;402877;[];[];VAZIO
85;p60304;HELD;407920;407904;[p60301,p60300,p60305,p60302];[];VAZIO
86;p60304;WANTED;412836;412828;[p60305,p60303];[p60302,p60300];p60301:[REQUEST]
87;p60304;RELEASED;417862;417846;[];[];p60302:[REQUEST]
88;p60304;WANTED;422726;422718;[p60303,p60301];[p60305,p60302];p60302:[OK]
89;p60304;HELD;427974;427961;[p60301,p60303,p60300];[];VAZIO
90;p60304;WANTED;432907;432895;[p60305,p60301,p60300,p60303];[p60302];p60302:[OK]
91;p60304;RELEASED;437867;437851;[];[];VAZIO
92;p60304;WANTED;442709;442709;[];[p60305,p60303,p60301,p60302,p60300];VAZIO
93;p60304;WANTED;446519;446519;[];[p60305,p60303,p60301,p60302,p60300];p60301:[OK]
94;p60304;WANTED;450531;450528;[];[p60305,p60303,p60302,p60300];p60301:[REQUEST]|p60302:[OK]
95;p60304;WANTED;455088;455077;[p60300,p60303,p60301];[p60305];VAZIO
96;p60304;RELEASED;459999;459982;[];[];VAZIO
97;p60304;WANTED;464804;464799;[p60303];[p60305,p60302,p60300];p60302:[OK]
98;p60304;WANTED;469608;469601;[p60303,p60301];[p60305,p60302,p60300];p60302:[OK]
99;p60304;WANTED;474464;474464;[];[p60305,p60303,p60301,p60302,p60300];p60303:[OK]
100;p60304;HELD;479619;479605;[p60305,p60302,p60300,p60301];[];VAZIO
101;p60304;WANTED;484540;484535;[p60301];[p60303,p60302,p60300];p60302:[OK]
102;p60304;WANTED;489024;489024;[];[p60305,p60303,p60301,p60302,p60300];p60303:[OK]
103;p60304;RELEASED;493705;493688;[];[];VAZIO
104;p60304;WANTED;498734;498728;[p60302];[p60303,p60301,p60300];VAZIO
105;p60304;WANTED;503118;503105;[p60302,p60305,p60300];[p60303];p60301:[REQUEST]
106;p60304;WANTED;507444;507444;[];[p60305,p60303,p60301,p60302,p60300];p60302:[REQUEST]
107;p60304;WANTED;511738;511738;[];[p60305,p60303,p60301,p60302,p60300];p60302:[OK]
108;p60304;WANTED;515272;515269;[];[p60305,p60303,p60301,p60300];p60302:[REQUEST]
109;p60304;WANTED;520223;520223;[];[p60305,p60303,p60301,p60302,p60300];p60302:[OK,REQUEST]
110;p60304;WANTED;524297;524287;[p60302,p60300];[p60301];VAZIO
111;p60304;RELEASED;528711;528696;[];[];p60305:[REQUEST]
