1;p60305;WANTED;3259;3259;[];[p60303,p60304,p60301,p60302,p60300];p60303:[OK,REQUEST]|p60301:[OK]
2;p60305;WANTED;6847;6839;[p60303,p60301];[p60302,p60300];p60304:[REQUEST]
3;p60305;WANTED;10448;10441;[p60301,p60303];[p60304,p60302,p60300];p60304:[OK]
4;p60305;WANTED;14192;14192;[];[p60303,p60304,p60301,p60302,p60300];p60301:[OK]
5;p60305;RELEASED;19058;19043;[];[];p60302:[REQUEST]
6;p60305;HELD;23943;23930;[p60301,p60303,p60300,p60304];[];VAZIO
7;p60305;WANTED;28203;28198;[p60301];[p60304,p60302,p60300];VAZIO
8;p60305;WANTED;32753;32740;[p60303,p60300,p60302,p60301];[p60304];p60304:[OK]
9;p60305;WANTED;37485;37480;[p60300];[p60303,p60304,p60301];p60301:[OK]|p60302:[REQUEST]
10;p60305;RELEASED;42230;42215;[];[];p60304:[REQUEST]
11;p60305;RELEASED;47006;46992;[];[];p60301:[REQUEST]
12;p60305;RELEASED;51787;51771;[];[];VAZIO
13;p60305;RELEASED;56649;56634;[];[];VAZIO
14;p60305;WANTED;61465;61460;[p60300];[p60303,p60304,p60301,p60302];p60302:[OK,REQUEST]
15;p60305;WANTED;66316;66303;[p60300,p60302,p60303];[p60304];VAZIO
16;p60305;WANTED;70918;70909;[p60304,p60300,p60302];[p60303,p60301];p60303:[OK]
17;p60305;WANTED;75840;75840;[];[p60303,p60304,p60301,p60302,p60300];p60304:[OK]
18;p60305;RELEASED;80760;80745;[];[];VAZIO
19;p60305;WANTED;85466;85463;[];[p60304,p60301,p60302,p60300];p60303:[REQUEST]
20;p60305;WANTED;90012;90006;[p60303];[p60304,p60301,p60302];p60304:[OK]
21;p60305;RELEASED;94050;94035;[];[];VAZIO
22;p60305;RELEASED;97764;97749;[];[];p60303:[REQUEST]
23;p60305;HELD;102371;102358;[p60301,p60302,p60300,p60304];[];VAZIO
24;p60305;WANTED;107097;107089;[p60301,p60302];[p60303,p60300];p60304:[REQUEST]
25;p60305;RELEASED;111635;111619;[];[];VAZIO
26;p60305;WANTED;116503;116499;[p60302];[p60303,p60304,p60301,p60300];p60301:[OK]
27;p60305;WANTED;120964;120956;[p60301,p60300];[p60304,p60302];p60303:[REQUEST]|p60304:[OK]
28;p60305;WANTED;125964;125955;[p60301,p60300];[p60304,p60302];p60303:[REQUEST]|p60304:[OK]
29;p60305;WANTED;130973;130964;[p60304,p60300];[p60301,p60302];p60303:[REQUEST]|p60302:[OK,REQUEST]
30;p60305;WANTED;136237;136232;[p60301];[p60303,p60302,p60300];p60304:[REQUEST]
31;p60305;WANTED;141136;141133;[];[p60303,p60304,p60301,p60302];p60304:[OK]
32;p60305;WANTED;146470;146463;[p60300,p60303];[p60304,p60301,p60302];p60304:[OK,REQUEST]
33;p60305;WANTED;151047;151039;[p60302,p60300];[p60304,p60301];p60303:[REQUEST]|p60304:[OK]
34;p60305;WANTED;155710;155699;[p60302,p60300,p60303];[p60301];VAZIO
35;p60305;WANTED;160442;160437;[p60301];[p60303,p60304,p60300];p60302:[REQUEST]
36;p60305;RELEASED;164836;164821;[];[];VAZIO
37;p60305;HELD;169803;169788;[p60302,p60300,p60304,p60303];[];VAZIO
38;p60305;WANTED;174387;174375;[p60301,p60302,p60300,p60303];[p60304];p60304:[OK]
39;p60305;WANTED;178871;178860;[p60301,p60303];[p60304];p60302:[REQUEST]
40;p60305;WANTED;182758;182749;[p60303,p60302];[p60304,p60300];VAZIO
41;p60305;WANTED;187158;187147;[p60303,p60301,p60300];[p60304];p60302:[REQUEST]
42;p60305;WANTED;190752;190746;[p60304,p60303];[p60301,p60302,p60300];VAZIO
43;p60305;WANTED;195697;195690;[p60300,p60303];[p60304,p60301,p60302];p60301:[OK,REQUEST]
44;p60305;WANTED;200641;200636;[p60303];[p60304,p60302,p60300];p60301:[REQUEST]|p60302:[OK]
45;p60305;HELD;205766;205752;[p60303,p60301,p60302,p60304];[];VAZIO
46;p60305;WANTED;211009;211003;[p60301,p60303];[p60304,p60302,p60300];p60302:[OK]
47;p60305;WANTED;216139;216133;[p60301,p60303];[p60304,p60302,p60300];p60302:[OK]
48;p60305;WANTED;221219;221208;[p60301,p60303,p60302];[p60304];VAZIO
49;p60305;WANTED;226176;226164;[p60304,p60301,p60303,p60302];[p60300];VAZIO
50;p60305;WANTED;231549;231543;[p60300];[p60303,p60301,p60302];p60304:[REQUEST]|p60301:[OK]
51;p60305;RELEASED;236402;236387;[];[];p60301:[REQUEST]
52;p60305;WANTED;241625;241616;[p60303,p60300];[p60304,p60301];p60302:[REQUEST]
53;p60305;WANTED;246894;246890;[];[p60303,p60304,p60301,p60300];p60301:[OK]|p60302:[REQUEST]
54;p60305;RELEASED;251658;251643;[];[];VAZIO
55;p60305;WANTED;256779;256771;[p60303,p60302];[p60304,p60301,p60300];p60301:[OK,REQUEST]
56;p60305;WANTED;262209;262201;[p60302,p60303];[p60301,p60300];p60304:[REQUEST]|p60301:[OK]
57;p60305;WANTED;267696;267691;[p60302];[p60303,p60304,p60301,p60300];p60303:[OK]
58;p60305;WANTED;273113;273105;[p60302,p60301];[p60304,p60300];p60304:[OK]
59;p60305;WANTED;278528;278520;[p60302,p60301];[p60303,p60304,p60300];VAZIO
60;p60305;WANTED;283628;283615;[p60301,p60302,p60304];[];VAZIO
61;p60305;WANTED;288571;288564;[p60301,p60303];[p60304,p60302];p60302:[OK]
62;p60305;RELEASED;293564;293548;[];[];VAZIO
63;p60305;WANTED;298674;298664;[p60301,p60304,p60300];[p60302];p60302:[OK]
64;p60305;WANTED;303652;303639;[p60303,p60300,p60301,p60302];[p60304];p60304:[OK]
65;p60305;WANTED;308654;308650;[p60303];[p60304,p60301,p60302,p60300];p60301:[OK]
66;p60305;WANTED;313501;313497;[p60302];[p60303,p60304,p60301,p60300];p60304:[OK]
67;p60305;RELEASED;318423;318408;[];[];p60303:[REQUEST]
68;p60305;RELEASED;323287;323275;[];[];p60300:[REQUEST]
69;p60305;HELD;328639;328626;[p60303,p60304,p60302];[];VAZIO
70;p60305;RELEASED;333935;333918;[];[];VAZIO
71;p60305;HELD;338221;338207;[p60303,p60302,p60300,p60301];[];VAZIO
72;p60305;WANTED;343390;343382;[p60303,p60302];[p60304,p60300];VAZIO
73;p60305;WANTED;348212;348204;[p60303,p60301];[p60304,p60300];p60302:[REQUEST]
74;p60305;WANTED;353199;353192;[p60301,p60303];[p60304,p60302];p60302:[OK]
75;p60305;WANTED;357955;357955;[];[p60303,p60304,p60301,p60302,p60300];p60302:[OK]
76;p60305;HELD;362751;362737;[p60300,p60302,p60304,p60301];[];p60303:[REQUEST]
77;p60305;RELEASED;367818;367803;[];[];p60302:[REQUEST]
78;p60305;WANTED;372919;372912;[p60300,p60304];[p60303,p60301,p60302];p60301:[OK]
79;p60305;HELD;377918;377905;[p60304,p60300,p60301,p60303];[];p60302:[REQUEST]
80;p60305;HELD;383153;383139;[p60300,p60304,p60301,p60303];[];p60302:[REQUEST]
81;p60305;WANTED;388211;388208;[];[p60303,p60301,p60302,p60300];VAZIO
82;p60305;WANTED;393202;393195;[p60304,p60303];[p60302,p60300];p60301:[REQUEST]|p60302:[OK]
83;p60305;WANTED;398194;398181;[p60301,p60303,p60302,p60300];[p60304];p60304:[OK]
84;p60305;WANTED;402892;402885;[p60302,p60303];[p60304,p60301,p60300];p60304:[OK]
85;p60305;WANTED;407918;407913;[p60302];[p60303,p60304,p60301,p60300];p60303:[OK]
86;p60305;WANTED;412836;412831;[p60303];[p60304,p60302,p60300];p60301:[REQUEST]
87;p60305;HELD;417863;417849;[p60303,p60301,p60300];[];p60302:[REQUEST]
88;p60305;WANTED;422725;422715;[p60304,p60303,p60301];[p60302];p60302:[OK]
89;p60305;RELEASED;427972;427958;[];[];VAZIO
90;p60305;WANTED;432906;432898;[p60301,p60300];[p60304,p60302];p60303:[REQUEST]|p60302:[OK]
91;p60305;HELD;437868;437854;[p60300,p60301,p60302,p60303];[];VAZIO
92;p60305;WANTED;442709;442703;[p60303];[p60301,p60302,p60300];p60304:[REQUEST]
93;p60305;WANTED;446520;446513;[p60303,p60304];[p60301,p60302,p60300];p60301:[OK]
94;p60305;WANTED;450532;450520;[p60300,p60303,p60304,p60301];[p60302];p60302:[OK]
95;p60305;WANTED;455087;455074;[p60304,p60300,p60303,p60301];[p60302];p60302:[OK]
96;p60305;RELEASED;459996;459979;[];[];p60302:[REQUEST]
97;p60305;WANTED;464803;464794;[p60300,p60304,p60303];[p60301,p60302];p60301:[OK]|p60302:[OK]
98;p60305;WANTED;469608;469595;[p60300,p60304,p60303,p60301];[p60302];p60302:[OK]
99;p60305;HELD;474466;474452;[p60302,p60300,p60301];[];p60304:[REQUEST]
100;p60305;WANTED;479616;479608;[p60302,p60300];[p60303,p60304];p60303:[OK]|p60301:[REQUEST]
101;p60305;RELEASED;484539;484524;[];[];VAZIO
102;p60305;WANTED;489024;489021;[];[p60303,p60301,p60302,p60300];p60303:[OK]|p60304:[REQUEST]
103;p60305;WANTED;493703;493694;[p60300,p60303];[p60304,p60302];p60304:[OK]
104;p60305;RELEASED;498733;498717;[];[];VAZIO
105;p60305;WANTED;503117;503111;[p60300];[p60303,p60304,p60302];p60301:[REQUEST]
106;p60305;WANTED;507446;507435;[p60300,p60303,p60304];[p60301];p60302:[REQUEST]
107;p60305;WANTED;511738;511733;[p60301];[p60303,p60302,p60300];p60304:[REQUEST]|p60302:[OK]
108;p60305;WANTED;515271;515263;[p60301,p60304];[p60303,p60300];p60302:[REQUEST]
109;p60305;WANTED;520224;520215;[p60303,p60301,p60304];[p60302,p60300];p60302:[OK,REQUEST]
110;p60305;RELEASED;524294;524278;[];[];VAZIO
111;p60305;WANTED;528710;528710;[];[p60303,p60304,p60301,p60302,p60300];VAZIO
