1;p60302;WANTED;3264;3257;[p60305,p60303];[p60304,p60300];VAZIO
2;p60302;WANTED;6847;6836;[p60305,p60303,p60301];[p60300];p60304:[REQUEST]
3;p60302;WANTED;10450;10438;[p60305,p60301,p60303];[p60300];VAZIO
4;p60302;WANTED;14194;14190;[p60305];[p60303,p60304,p60300];VAZIO
5;p60302;WANTED;19058;19058;[];[p60305,p60303,p60304,p60301,p60300];p60301:[OK]
6;p60302;RELEASED;23942;23927;[];[];VAZIO
7;p60302;WANTED;28204;28196;[p60301,p60305];[p60304,p60300];VAZIO
8;p60302;WANTED;32754;32749;[p60301];[p60305,p60303,p60300];VAZIO
9;p60302;WANTED;37487;37485;[];[p60305,p60303,p60304,p60300];VAZIO
10;p60302;WANTED;42232;42221;[p60303,p60301,p60304];[p60300];VAZIO
11;p60302;WANTED;47008;46998;[p60303,p60304,p60301];[p60300];VAZIO
12;p60302;WANTED;51788;51785;[];[p60303,p60304,p60301,p60300];p60304:[OK]
13;p60302;WANTED;56650;56645;[p60304];[p60303,p60301,p60300];VAZIO
14;p60302;WANTED;61467;61467;[];[p60305,p60303,p60304,p60301,p60300];VAZIO
15;p60302;WANTED;66316;66310;[p60303];[p60305,p60304,p60300];VAZIO
16;p60302;WANTED;70917;70917;[];[p60305,p60303,p60304,p60301,p60300];VAZIO
17;p60302;WANTED;75843;75835;[p60301,p60305];[p60303,p60300];VAZIO
18;p60302;WANTED;80763;80756;[p60301];[p60303,p60300];VAZIO
19;p60302;WANTED;85467;85458;[p60301,p60305,p60303];[p60304,p60300];VAZIO
20;p60302;HELD;90014;90001;[p60301,p60305,p60303];[];VAZIO
21;p60302;WANTED;94051;94044;[p60301];[p60303,p60304];VAZIO
22;p60302;RELEASED;97767;97752;[];[];VAZIO
23;p60302;WANTED;102371;102364;[p60300,p60304];[p60305,p60301];VAZIO
24;p60302;WANTED;107097;107095;[];[p60305,p60303,p60301,p60300];p60304:[REQUEST]
25;p60302;HELD;111639;111625;[p60303,p60304,p60300];[];VAZIO
26;p60302;WANTED;116502;116502;[];[p60305,p60303,p60304,p60301,p60300];VAZIO
27;p60302;HELD;120966;120954;[p60305,p60301,p60300];[];p60303:[REQUEST]
28;p60302;HELD;125966;125952;[p60305,p60301,p60300];[];p60303:[REQUEST]
29;p60302;WANTED;130976;130976;[];[p60305,p60303,p60304,p60301,p60300];VAZIO
30;p60302;WANTED;136238;136229;[p60305,p60301,p60304];[p60303,p60300];VAZIO
31;p60302;WANTED;141135;141131;[p60305];[p60303,p60304,p60301];p60304:[OK]
32;p60302;WANTED;146472;146460;[p60305,p60300,p60303];[p60301];p60304:[REQUEST]
33;p60302;WANTED;151049;151042;[p60300,p60303];[p60305,p60301];VAZIO
34;p60302;WANTED;155710;155703;[p60300,p60303];[p60305,p60301];VAZIO
35;p60302;WANTED;160442;160442;[];[p60305,p60303,p60304,p60301,p60300];VAZIO
36;p60302;WANTED;164837;164827;[p60300,p60304,p60303];[p60301];VAZIO
37;p60302;WANTED;169803;169792;[p60300,p60304,p60303];[p60305];VAZIO
38;p60302;WANTED;174389;174381;[p60300,p60303];[p60305,p60301];VAZIO
39;p60302;WANTED;178871;178871;[];[p60305,p60303,p60304,p60301,p60300];p60301:[REQUEST]
40;p60302;WANTED;182758;182756;[];[p60305,p60303,p60304,p60300];VAZIO
41;p60302;WANTED;187159;187159;[];[p60305,p60303,p60304,p60301,p60300];VAZIO
42;p60302;WANTED;190752;190743;[p60305,p60304,p60303];[p60301,p60300];VAZIO
43;p60302;HELD;195699;195684;[p60304,p60305,p60300,p60303];[];p60301:[REQUEST]
44;p60302;RELEASED;200644;200628;[];[];VAZIO
45;p60302;WANTED;205766;205761;[p60304];[p60305,p60303,p60301];VAZIO
46;p60302;RELEASED;211009;210995;[];[];p60303:[REQUEST]
47;p60302;RELEASED;216139;216124;[];[];p60303:[REQUEST]
48;p60302;WANTED;221216;221216;[];[p60305,p60303,p60304,p60301,p60300];VAZIO
49;p60302;WANTED;226175;226175;[];[p60305,p60303,p60304,p60301,p60300];VAZIO
50;p60302;HELD;231552;231537;[p60303,p60305,p60300,p60304];[];VAZIO
51;p60302;WANTED;236404;236399;[p60301];[p60303,p60304,p60300];p60303:[OK]
52;p60302;WANTED;241626;241626;[];[p60305,p60303,p60304,p60301,p60300];VAZIO
53;p60302;WANTED;246894;246894;[];[p60305,p60303,p60304,p60301,p60300];VAZIO
54;p60302;RELEASED;251660;251646;[];[];VAZIO
55;p60302;WANTED;256781;256778;[];[p60305,p60303,p60304,p60300];p60301:[REQUEST]
56;p60302;WANTED;262209;262205;[p60303];[p60305,p60301,p60300];p60304:[REQUEST]|p60301:[OK]
57;p60302;WANTED;267698;267695;[];[p60305,p60304,p60301,p60300];VAZIO
58;p60302;WANTED;273113;273108;[p60301];[p60305,p60304,p60300];p60304:[OK]
59;p60302;WANTED;278528;278524;[p60301];[p60305,p60303,p60304,p60300];VAZIO
60;p60302;WANTED;283628;283621;[p60304];[p60305,p60301];VAZIO
61;p60302;RELEASED;288573;288558;[];[];VAZIO
62;p60302;WANTED;293565;293562;[];[p60303,p60304,p60301,p60300];VAZIO
63;p60302;RELEASED;298675;298661;[];[];VAZIO
64;p60302;WANTED;303651;303651;[];[p60305,p60303,p60304,p60301,p60300];VAZIO
65;p60302;HELD;308656;308642;[p60304,p60300,p60305,p60303];[];VAZIO
66;p60302;WANTED;313500;313500;[];[p60305,p60303,p60304,p60301,p60300];VAZIO
67;p60302;HELD;318425;318412;[p60304,p60300,p60301,p60303];[];VAZIO
68;p60302;WANTED;323288;323284;[p60300];[p60305,p60303,p60304,p60301];p60305:[OK]
69;p60302;WANTED;328639;328635;[];[p60305,p60303,p60304,p60300];VAZIO
70;p60302;WANTED;333936;333927;[p60300,p60301];[p60303,p60304];VAZIO
71;p60302;WANTED;338221;338214;[p60300,p60301];[p60305,p60303];VAZIO
72;p60302;WANTED;343390;343388;[];[p60305,p60303,p60304,p60300];VAZIO
73;p60302;WANTED;348213;348213;[];[p60305,p60303,p60304,p60301,p60300];VAZIO
74;p60302;RELEASED;353201;353187;[];[];VAZIO
75;p60302;RELEASED;357959;357943;[];[];VAZIO
76;p60302;WANTED;362751;362744;[p60304,p60301];[p60305,p60300];p60303:[REQUEST]
77;p60302;WANTED;367822;367822;[];[p60305,p60303,p60304,p60301,p60300];VAZIO
78;p60302;WANTED;372920;372909;[p60305,p60300,p60304];[p60303];VAZIO
79;p60302;WANTED;377919;377919;[];[p60305,p60303,p60304,p60301,p60300];VAZIO
80;p60302;WANTED;383154;383154;[];[p60305,p60303,p60304,p60301,p60300];VAZIO
81;p60302;WANTED;388211;388203;[p60300,p60305];[p60303,p60301];VAZIO
82;p60302;RELEASED;393204;393189;[];[];p60301:[REQUEST]
83;p60302;WANTED;398194;398190;[p60300];[p60305,p60303,p60304,p60301];p60304:[OK]
84;p60302;WANTED;402894;402889;[p60303];[p60305,p60301,p60300];VAZIO
85;p60302;WANTED;407920;407917;[];[p60305,p60304,p60301,p60300];VAZIO
86;p60302;WANTED;412836;412825;[p60304,p60305,p60303];[p60300];p60301:[REQUEST]
87;p60302;WANTED;417861;417861;[];[p60305,p60303,p60304,p60301,p60300];VAZIO
88;p60302;RELEASED;422727;422712;[];[];VAZIO
89;p60302;RELEASED;427970;427955;[];[];VAZIO
90;p60302;RELEASED;432907;432893;[];[];p60303:[REQUEST]
91;p60302;WANTED;437868;437862;[p60303];[p60305,p60301,p60300];VAZIO
92;p60302;WANTED;442709;442698;[p60305,p60303];[p60301,p60300];p60304:[REQUEST]
93;p60302;HELD;446521;446507;[p60300,p60305,p60303,p60304];[];VAZIO
94;p60302;RELEASED;450532;450518;[];[];p60301:[REQUEST]
95;p60302;RELEASED;455087;455071;[];[];p60301:[REQUEST]
96;p60302;WANTED;459996;459996;[];[p60305,p60303,p60304,p60301,p60300];p60304:[OK]
97;p60302;RELEASED;464804;464792;[];[];p60303:[REQUEST]
98;p60302;RELEASED;469608;469592;[];[];p60301:[REQUEST]
99;p60302;WANTED;474467;474456;[p60300,p60301,p60304];[p60305];VAZIO
100;p60302;WANTED;479619;479611;[p60300,p60301];[p60305,p60304];VAZIO
101;p60302;RELEASED;484541;484527;[];[];VAZIO
102;p60302;WANTED;489026;489016;[p60300,p60305,p60304];[p60301];VAZIO
103;p60302;HELD;493706;493691;[p60305,p60300,p60303];[];VAZIO
104;p60302;WANTED;498734;498731;[];[p60303,p60304,p60301,p60300];VAZIO
105;p60302;WANTED;503118;503108;[p60305,p60300];[p60303,p60304];p60301:[REQUEST]
106;p60302;WANTED;507446;507446;[];[p60305,p60303,p60304,p60301,p60300];p60304:[REQUEST]
107;p60302;RELEASED;511740;511725;[];[];VAZIO
108;p60302;WANTED;515272;515272;[];[p60305,p60303,p60304,p60301,p60300];VAZIO
109;p60302;WANTED;520226;520226;[];[p60305,p60303,p60304,p60301,p60300];VAZIO
110;p60302;WANTED;524297;524289;[p60300];[p60304,p60301];VAZIO
111;p60302;WANTED;528712;528704;[p60303,p60305];[p60301,p60300];VAZIO
