1;p60301;RELEASED;3262;3249;[];[];p60303:[REQUEST]
2;p60301;WANTED;6847;6845;[];[p60305,p60303,p60302,p60300];p60304:[REQUEST]
3;p60301;WANTED;10450;10444;[p60303];[p60305,p60302,p60300];VAZIO
4;p60301;RELEASED;14194;14180;[];[];VAZIO
5;p60301;RELEASED;19061;19047;[];[];VAZIO
6;p60301;WANTED;23943;23933;[p60303,p60300,p60304];[p60305];VAZIO
7;p60301;WANTED;28204;28201;[];[p60305,p60304,p60302,p60300];VAZIO
8;p60301;WANTED;32752;32752;[];[p60305,p60303,p60304,p60302,p60300];VAZIO
9;p60301;RELEASED;37486;37472;[];[];VAZIO
10;p60301;WANTED;42232;42227;[p60304];[p60303,p60302,p60300];VAZIO
11;p60301;WANTED;47006;47006;[];[p60305,p60303,p60304,p60302,p60300];VAZIO
12;p60301;HELD;51790;51776;[p60303,p60300,p60302];[];VAZIO
13;p60301;HELD;56650;56637;[p60300,p60303,p60302,p60304];[];VAZIO
14;p60301;WANTED;61466;61455;[p60304,p60305,p60300];[p60303];p60302:[REQUEST]
15;p60301;RELEASED;66315;66298;[];[];VAZIO
16;p60301;HELD;70920;70906;[p60305,p60304,p60300,p60302];[];VAZIO
17;p60301;WANTED;75841;75838;[p60305];[p60303,p60304,p60302,p60300];p60304:[OK]
18;p60301;WANTED;80763;80758;[];[p60303,p60302,p60300];VAZIO
19;p60301;WANTED;85467;85459;[p60305,p60303];[p60304,p60302,p60300];VAZIO
20;p60301;WANTED;90012;90003;[p60305,p60303];[p60304,p60302];p60304:[OK]
21;p60301;WANTED;94051;94046;[];[p60303,p60304,p60302,p60300];VAZIO
22;p60301;WANTED;97766;97758;[p60304,p60303];[p60302,p60300];p60302:[OK]
23;p60301;WANTED;102371;102361;[p60302,p60300,p60304];[p60305];VAZIO
24;p60301;WANTED;107097;107092;[p60302];[p60305,p60303,p60300];p60304:[REQUEST]
25;p60301;RELEASED;111638;111622;[];[];VAZIO
26;p60301;RELEASED;116502;116488;[];[];p60302:[REQUEST]
27;p60301;WANTED;120964;120959;[p60300];[p60305,p60304,p60302];p60303:[REQUEST]|p60304:[OK]
28;p60301;WANTED;125964;125959;[p60300];[p60305,p60304,p60302];p60303:[REQUEST]|p60304:[OK]
29;p60301;HELD;130976;130961;[p60305,p60304,p60300,p60303];[];p60302:[REQUEST]
30;p60301;WANTED;136238;136235;[p60304];[p60305,p60303,p60302,p60300];VAZIO
31;p60301;WANTED;141137;141128;[p60302,p60305];[p60303];VAZIO
32;p60301;HELD;146472;146457;[p60302,p60305,p60300,p60303];[];p60304:[REQUEST]
33;p60301;HELD;151050;151036;[p60305,p60302,p60300,p60303];[];VAZIO
34;p60301;HELD;155710;155696;[p60305,p60302,p60300,p60303];[];VAZIO
35;p60301;WANTED;160442;160440;[];[p60305,p60303,p60304,p60300];p60302:[REQUEST]
36;p60301;HELD;164837;164824;[p60302,p60300,p60304,p60303];[];VAZIO
37;p60301;RELEASED;169801;169784;[];[];p60303:[REQUEST]
38;p60301;WANTED;174389;174378;[p60302,p60300,p60303];[p60305];VAZIO
39;p60301;WANTED;178863;178863;[];[p60305,p60303,p60304,p60302,p60300];p60303:[OK,REQUEST]|p60302:[REQUEST]
40;p60301;RELEASED;182757;182740;[];[];VAZIO
41;p60301;WANTED;187158;187153;[p60300];[p60305,p60303,p60304];p60302:[REQUEST]
42;p60301;WANTED;190752;190740;[p60302,p60305,p60304,p60303];[p60300];VAZIO
43;p60301;WANTED;195699;195699;[];[p60305,p60303,p60304,p60302,p60300];VAZIO
44;p60301;WANTED;200645;200642;[];[p60305,p60303,p60304,p60300];VAZIO
45;p60301;WANTED;205766;205758;[p60302,p60304];[p60305,p60303];VAZIO
46;p60301;WANTED;211009;211006;[p60303];[p60305,p60304,p60302,p60300];p60302:[OK]
47;p60301;WANTED;216139;216136;[p60303];[p60305,p60304,p60302,p60300];p60302:[OK]
48;p60301;WANTED;221219;221211;[p60303,p60302];[p60305,p60304];VAZIO
49;p60301;WANTED;226174;226170;[p60303];[p60305,p60304,p60300];p60302:[REQUEST]
50;p60301;RELEASED;231550;231535;[];[];p60304:[REQUEST]
51;p60301;WANTED;236401;236401;[];[p60305,p60303,p60304,p60302,p60300];p60303:[OK]
52;p60301;WANTED;241626;241613;[p60305,p60303,p60300];[p60304];p60302:[REQUEST]
53;p60301;RELEASED;246894;246879;[];[];p60302:[REQUEST]
54;p60301;WANTED;251659;251648;[p60304,p60300,p60303];[p60302];p60302:[OK]
55;p60301;WANTED;256781;256781;[];[p60305,p60303,p60304,p60302,p60300];VAZIO
56;p60301;RELEASED;262211;262195;[];[];p60304:[REQUEST]
57;p60301;WANTED;267698;267684;[p60300,p60305,p60302];[p60304];VAZIO
58;p60301;WANTED;273111;273111;[];[p60305,p60303,p60304,p60302,p60300];p60304:[OK]
59;p60301;WANTED;278527;278527;[];[p60305,p60303,p60304,p60302,p60300];VAZIO
60;p60301;WANTED;283628;283618;[p60302,p60304];[p60305];VAZIO
61;p60301;WANTED;288574;288567;[p60303];[p60305,p60304];VAZIO
62;p60301;WANTED;293565;293554;[p60300,p60303,p60302];[p60304];VAZIO
63;p60301;WANTED;298674;298667;[p60304,p60300];[p60305,p60302];p60302:[OK]
64;p60301;WANTED;303652;303648;[p60302];[p60305,p60303,p60304,p60300];p60304:[OK]
65;p60301;RELEASED;308654;308639;[];[];p60303:[REQUEST]
66;p60301;WANTED;313502;313495;[p60305,p60302];[p60303,p60300];VAZIO
67;p60301;WANTED;318423;318419;[p60303];[p60305,p60304,p60302,p60300];p60305:[OK]
68;p60301;HELD;323289;323277;[p60303,p60304,p60302,p60300];[];VAZIO
69;p60301;RELEASED;328638;328624;[];[];VAZIO
70;p60301;WANTED;333936;333933;[];[p60303,p60304,p60302,p60300];VAZIO
71;p60301;WANTED;338219;338219;[];[p60305,p60303,p60304,p60302,p60300];VAZIO
72;p60301;RELEASED;343389;343374;[];[];VAZIO
73;p60301;WANTED;348213;348210;[];[p60305,p60303,p60304,p60300];p60302:[REQUEST]
74;p60301;WANTED;353200;353195;[p60303];[p60305,p60304,p60302];p60302:[OK]
75;p60301;WANTED;357958;357949;[p60303,p60305];[p60304,p60302];p60302:[OK]
76;p60301;WANTED;362752;362749;[p60303];[p60305,p60304,p60302,p60300];VAZIO
77;p60301;WANTED;367822;367814;[p60303];[p60304,p60300];p60302:[REQUEST]
78;p60301;RELEASED;372919;372904;[];[];p60304:[REQUEST]
79;p60301;WANTED;377918;377914;[p60303];[p60305,p60304,p60300];p60302:[REQUEST]
80;p60301;WANTED;383153;383149;[p60303];[p60305,p60304,p60300];p60302:[REQUEST]
81;p60301;WANTED;388211;388201;[p60302,p60300,p60305];[p60303];VAZIO
82;p60301;WANTED;393203;393203;[];[p60305,p60303,p60304,p60302,p60300];VAZIO
83;p60301;WANTED;398194;398184;[p60303,p60302,p60300];[p60305,p60304];p60304:[OK]
84;p60301;HELD;402894;402879;[p60300,p60305,p60302,p60303];[];VAZIO
85;p60301;WANTED;407920;407907;[p60300,p60305,p60302];[p60304];VAZIO
86;p60301;WANTED;412837;412837;[];[p60305,p60303,p60304,p60302,p60300];VAZIO
87;p60301;WANTED;417863;417855;[p60300];[p60305,p60303];p60302:[REQUEST]
88;p60301;WANTED;422723;422723;[];[p60305,p60303,p60304,p60302,p60300];p60302:[OK]
89;p60301;WANTED;427974;427963;[p60303,p60300];[p60304];VAZIO
90;p60301;WANTED;432907;432901;[p60300,p60303];[p60305,p60304,p60302];p60302:[OK]
91;p60301;WANTED;437868;437860;[p60302,p60303];[p60305,p60300];VAZIO
92;p60301;WANTED;442709;442696;[p60302,p60305,p60303];[p60300];p60304:[REQUEST]
93;p60301;RELEASED;446521;446504;[];[];VAZIO
94;p60301;WANTED;450531;450531;[];[p60305,p60303,p60304,p60302,p60300];VAZIO
95;p60301;WANTED;455086;455086;[];[p60305,p60303,p60304,p60302,p60300];VAZIO
96;p60301;WANTED;459998;459993;[p60302];[p60303,p60304,p60300];p60304:[OK]
97;p60301;RELEASED;464803;464789;[];[];VAZIO
98;p60301;WANTED;469607;469607;[];[p60305,p60303,p60304,p60302,p60300];VAZIO
99;p60301;WANTED;474467;474462;[p60304];[p60305,p60302,p60300];VAZIO
100;p60301;WANTED;479617;479617;[];[p60305,p60303,p60304,p60302,p60300];VAZIO
101;p60301;WANTED;484540;484537;[];[p60303,p60304,p60302,p60300];p60302:[OK]
102;p60301;HELD;489026;489013;[p60302,p60300,p60305,p60304];[];VAZIO
103;p60301;RELEASED;493703;493686;[];[];VAZIO
104;p60301;WANTED;498734;498726;[p60304,p60302];[p60303,p60300];VAZIO
105;p60301;WANTED;503118;503118;[];[p60305,p60303,p60304,p60302,p60300];VAZIO
106;p60301;HELD;507446;507432;[p60305,p60300,p60303];[];p60304:[REQUEST]|p60302:[REQUEST]
107;p60301;WANTED;511738;511736;[];[p60305,p60303,p60302,p60300];p60304:[REQUEST]|p60302:[OK]
108;p60301;WANTED;515271;515266;[p60304];[p60305,p60303,p60300];p60302:[REQUEST]
109;p60301;WANTED;520225;520221;[p60304];[p60305,p60303,p60300];p60302:[REQUEST]
110;p60301;HELD;524297;524284;[p60304,p60302,p60300];[];VAZIO
111;p60301;HELD;528712;528699;[p60300,p60302,p60303,p60305];[];VAZIO
