1;p49073;WANTED;11640;11636;[p49072];VAZIO
2;p49073;RELEASED;23962;23954;[];VAZIO
3;p49073;WANTED;37411;37408;[];VAZIO
4;p49073;WANTED;50518;50518;[];p49072:[OK]
5;p49073;WANTED;64382;64378;[p49072];VAZIO
6;p49073;WANTED;78315;78311;[p49072];VAZIO
7;p49073;WANTED;91825;91821;[p49071];p49072:[OK]
8;p49073;HELD;105678;105672;[p49072];VAZIO
9;p49073;WANTED;119433;119433;[];VAZIO
10;p49073;WANTED;133304;133300;[p49072];VAZIO
11;p49073;WANTED;147229;147229;[];VAZIO
12;p49073;WANTED;160944;160941;[];VAZIO
13;p49073;HELD;174808;174802;[p49072];VAZIO
14;p49073;RELEASED;188561;188554;[];VAZIO
15;p49073;WANTED;202560;202557;[];VAZIO
16;p49073;RELEASED;216499;216491;[];VAZIO
17;p49073;WANTED;230109;230106;[];VAZIO
18;p49073;WANTED;244129;244126;[];VAZIO
19;p49073;WANTED;257875;257872;[];VAZIO
20;p49073;HELD;271895;271889;[p49071];VAZIO
21;p49073;WANTED;285637;285634;[];VAZIO
22;p49073;WANTED;299276;299276;[];VAZIO
23;p49073;HELD;313151;313145;[p49071];VAZIO
24;p49073;WANTED;326829;326826;[];VAZIO
25;p49073;WANTED;340679;340675;[p49072];VAZIO
26;p49073;HELD;354594;354587;[p49071,p49072];VAZIO
27;p49073;HELD;368264;368258;[p49071];VAZIO
28;p49073;WANTED;382202;382202;[];VAZIO
29;p49073;WANTED;395928;395925;[];VAZIO
