1;p30425;WANTED;5045;5041;[p30426];[p30424];VAZIO
2;p30425;RELEASED;10295;10287;[];[];VAZIO
3;p30425;HELD;15228;15222;[p30426];[];VAZIO
4;p30425;WANTED;21384;21384;[];[p30424,p30426];VAZIO
5;p30425;WANTED;26926;26926;[];[p30424,p30426];VAZIO
6;p30425;WANTED;33119;33116;[];[p30426];VAZIO
7;p30425;WANTED;38531;38531;[];[p30424,p30426];p30426:[REQUEST]
8;p30425;WANTED;44070;44066;[p30426];[p30424];VAZIO
9;p30425;HELD;49445;49439;[p30424];[];p30426:[REQUEST]
10;p30425;HELD;54431;54426;[];[];p30426:[REQUEST]
11;p30425;RELEASED;59960;59952;[];[];VAZIO
12;p30425;WANTED;64668;64665;[p30426];[p30424];VAZIO
13;p30425;RELEASED;70044;70036;[];[];VAZIO
14;p30425;WANTED;75363;75361;[];[p30426];p30426:[OK,REQUEST]
15;p30425;HELD;80993;80987;[p30426];[];VAZIO
16;p30425;WANTED;86234;86234;[];[p30424,p30426];VAZIO
17;p30425;WANTED;92572;92568;[p30426];[p30424];VAZIO
18;p30425;RELEASED;98652;98645;[];[];p30426:[REQUEST]
19;p30425;RELEASED;104837;104829;[];[];VAZIO
20;p30425;HELD;110551;110544;[p30426,p30424];[];VAZIO
21;p30425;WANTED;116266;116262;[p30424];[p30426];p30426:[OK]
22;p30425;HELD;122694;122688;[p30426];[];VAZIO
23;p30425;WANTED;128750;128750;[];[p30424,p30426];VAZIO
24;p30425;RELEASED;134859;134852;[];[];VAZIO
25;p30425;RELEASED;141134;141126;[];[];VAZIO
26;p30425;WANTED;147264;147260;[p30426];[p30424];VAZIO
27;p30425;RELEASED;153029;153021;[];[];VAZIO
28;p30425;WANTED;158947;158944;[];[p30426];VAZIO
29;p30425;HELD;164666;164659;[p30424,p30426];[];VAZIO
30;p30425;WANTED;170846;170843;[];[p30424];VAZIO
31;p30425;HELD;176344;176338;[p30426];[];VAZIO
32;p30425;RELEASED;181911;181903;[];[];VAZIO
33;p30425;WANTED;188481;188481;[];[p30424,p30426];p30426:[OK]
34;p30425;RELEASED;194420;194412;[];[];VAZIO
35;p30425;WANTED;200322;200322;[];[p30424,p30426];VAZIO
36;p30425;WANTED;206710;206706;[p30424];[p30426];p30426:[OK]
37;p30425;RELEASED;213188;213180;[];[];VAZIO
38;p30425;WANTED;219812;219812;[];[p30424,p30426];VAZIO
39;p30425;WANTED;225835;225832;[];[p30424];p30426:[REQUEST]
40;p30425;RELEASED;232329;232321;[];[];VAZIO
41;p30425;WANTED;238439;238439;[];[p30424,p30426];VAZIO
42;p30425;HELD;243919;243913;[p30426];[];VAZIO
43;p30425;WANTED;250460;250457;[];[p30424];p30426:[REQUEST]
44;p30425;WANTED;256231;256227;[p30426];[p30424];VAZIO
45;p30425;WANTED;262942;262942;[];[p30424,p30426];VAZIO
46;p30425;WANTED;269214;269214;[];[p30424,p30426];VAZIO
47;p30425;WANTED;275758;275758;[];[p30424,p30426];p30426:[OK]
48;p30425;WANTED;281774;281774;[];[p30424,p30426];VAZIO
49;p30425;HELD;287531;287526;[];[];p30426:[REQUEST]
50;p30425;WANTED;293802;293799;[];[p30426];VAZIO
51;p30425;HELD;299629;299624;[p30424];[];p30426:[REQUEST]
52;p30425;HELD;305151;305145;[p30426];[];VAZIO
53;p30425;WANTED;311107;311107;[];[p30424,p30426];p30426:[REQUEST]
54;p30425;WANTED;317317;317317;[];[p30424,p30426];VAZIO
55;p30425;RELEASED;323426;323418;[];[];VAZIO
56;p30425;HELD;330012;330006;[p30424];[];p30426:[REQUEST]
57;p30425;WANTED;336292;336292;[];[p30424,p30426];VAZIO
58;p30425;HELD;342381;342374;[p30424,p30426];[];VAZIO
59;p30425;WANTED;348630;348627;[];[p30426];VAZIO
60;p30425;HELD;354462;354456;[p30424];[];VAZIO
61;p30425;WANTED;360424;360421;[];[p30426];VAZIO
62;p30425;RELEASED;365868;365860;[];[];VAZIO
63;p30425;HELD;371200;371194;[p30424];[];p30426:[REQUEST]
64;p30425;WANTED;376541;376541;[];[p30424,p30426];VAZIO
65;p30425;WANTED;381690;381690;[];[p30424,p30426];VAZIO
66;p30425;RELEASED;386745;386737;[];[];VAZIO
67;p30425;WANTED;392987;392987;[];[p30424,p30426];VAZIO
68;p30425;WANTED;399202;399202;[];[p30424,p30426];VAZIO
69;p30425;WANTED;403564;403564;[];[p30424,p30426];VAZIO
70;p30425;HELD;409478;409472;[p30424];[];VAZIO
71;p30425;WANTED;415598;415598;[];[p30424,p30426];p30426:[REQUEST,OK]
72;p30425;HELD;420563;420558;[p30424];[];p30426:[REQUEST]
73;p30425;WANTED;426331;426328;[];[p30426];VAZIO
74;p30425;WANTED;432164;432160;[p30424];[p30426];p30426:[OK]
75;p30425;RELEASED;438305;438297;[];[];VAZIO
76;p30425;HELD;443498;443492;[p30426];[];VAZIO
77;p30425;RELEASED;449213;449205;[];[];VAZIO
78;p30425;WANTED;454560;454560;[];[p30424,p30426];VAZIO
79;p30425;HELD;460089;460082;[p30424,p30426];[];VAZIO
80;p30425;RELEASED;465642;465634;[];[];VAZIO
81;p30425;HELD;472032;472026;[p30426];[];VAZIO
82;p30425;WANTED;477854;477850;[p30424];[p30426];p30426:[OK]
83;p30425;WANTED;484128;484125;[];[p30426];VAZIO
84;p30425;RELEASED;489931;489924;[];[];p30426:[REQUEST]
85;p30425;HELD;496095;496088;[p30424,p30426];[];VAZIO
86;p30425;WANTED;502639;502635;[p30424];[p30426];p30426:[OK]
87;p30425;WANTED;509115;509115;[];[p30424,p30426];VAZIO
88;p30425;RELEASED;515648;515641;[];[];p30426:[REQUEST]
89;p30425;WANTED;521827;521823;[p30424];[p30426];p30426:[OK]
90;p30425;HELD;527560;527555;[p30424];[];p30426:[REQUEST]
91;p30425;HELD;534279;534272;[p30424,p30426];[];VAZIO
92;p30425;WANTED;540258;540258;[];[p30424,p30426];VAZIO
93;p30425;WANTED;547079;547075;[p30426];[p30424];VAZIO
94;p30425;WANTED;553229;553225;[p30424];[p30426];p30426:[OK]
95;p30425;WANTED;559118;559115;[];[p30424];p30426:[REQUEST]
96;p30425;HELD;565618;565612;[p30424];[];VAZIO
97;p30425;WANTED;571648;571644;[p30426];[p30424];VAZIO
98;p30425;HELD;578267;578261;[p30426];[];VAZIO
99;p30425;WANTED;583761;583761;[];[p30424,p30426];p30426:[OK]
100;p30425;WANTED;587639;587635;[p30426];[p30424];VAZIO
101;p30425;WANTED;593999;593996;[];[p30426];VAZIO
102;p30425;HELD;599706;599700;[p30426];[];VAZIO
103;p30425;HELD;605582;605576;[p30426];[];VAZIO
104;p30425;HELD;610702;610696;[p30426];[];VAZIO
105;p30425;RELEASED;616110;616102;[];[];VAZIO
106;p30425;HELD;621735;621729;[p30424];[];VAZIO
107;p30425;WANTED;628479;628479;[];[p30424,p30426];VAZIO
108;p30425;HELD;634802;634796;[p30424];[];p30426:[REQUEST]
109;p30425;WANTED;640840;640837;[];[p30426];VAZIO
110;p30425;RELEASED;647213;647205;[];[];VAZIO
111;p30425;HELD;652572;652565;[p30426,p30424];[];VAZIO
112;p30425;WANTED;658770;658766;[p30426];[p30424];VAZIO
113;p30425;WANTED;665031;665031;[];[p30424,p30426];p30426:[OK,REQUEST]
114;p30425;RELEASED;671096;671088;[];[];VAZIO
115;p30425;RELEASED;677347;677339;[];[];VAZIO
116;p30425;WANTED;682665;682662;[];[p30424];VAZIO
117;p30425;RELEASED;689188;689180;[];[];VAZIO
118;p30425;HELD;695257;695251;[p30426];[];VAZIO
119;p30425;RELEASED;701998;701990;[];[];VAZIO
120;p30425;WANTED;708271;708270;[];[p30424,p30426];VAZIO
121;p30425;WANTED;714885;714885;[];[p30424,p30426];VAZIO
122;p30425;WANTED;720999;720996;[];[p30426];VAZIO
123;p30425;WANTED;727161;727157;[p30426];[p30424];VAZIO
124;p30425;WANTED;733523;733523;[];[p30424,p30426];VAZIO
125;p30425;WANTED;740105;740105;[];[p30424,p30426];VAZIO
126;p30425;WANTED;745136;745132;[p30426];[p30424];VAZIO
127;p30425;HELD;751038;751031;[p30426,p30424];[];VAZIO
128;p30425;HELD;757248;757242;[p30424];[];VAZIO
129;p30425;RELEASED;763342;763334;[];[];VAZIO
130;p30425;RELEASED;770074;770066;[];[];VAZIO
131;p30425;WANTED;776214;776211;[];[p30426];VAZIO
132;p30425;HELD;782263;782256;[p30426,p30424];[];VAZIO
133;p30425;WANTED;788372;788372;[];[p30424,p30426];VAZIO
134;p30425;WANTED;794328;794324;[p30424];[p30426];p30426:[OK]
135;p30425;WANTED;800667;800667;[];[p30424,p30426];VAZIO
136;p30425;RELEASED;806527;806519;[];[];VAZIO
137;p30425;HELD;812200;812194;[p30426];[];VAZIO
138;p30425;WANTED;818110;818107;[];[p30426];VAZIO
139;p30425;HELD;824024;824018;[p30424];[];VAZIO
140;p30425;RELEASED;830632;830624;[];[];VAZIO
141;p30425;WANTED;836694;836694;[];[p30424,p30426];VAZIO
142;p30425;RELEASED;843270;843262;[];[];VAZIO
143;p30425;HELD;848595;848589;[p30426];[];VAZIO
144;p30425;WANTED;854888;854884;[p30426];[p30424];VAZIO
145;p30425;WANTED;861353;861350;[];[p30426];VAZIO
146;p30425;WANTED;867276;867273;[];[p30426];VAZIO
147;p30425;RELEASED;873377;873369;[];[];VAZIO
148;p30425;RELEASED;878616;878608;[];[];VAZIO
149;p30425;HELD;885062;885056;[p30426];[];VAZIO
150;p30425;WANTED;891270;891266;[p30426];[p30424];VAZIO
151;p30425;HELD;897544;897537;[p30426,p30424];[];VAZIO
152;p30425;RELEASED;903693;903685;[];[];VAZIO
153;p30425;WANTED;909478;909474;[p30426];[p30424];VAZIO
154;p30425;WANTED;915916;915912;[p30426];[p30424];VAZIO
155;p30425;WANTED;922142;922142;[];[p30424,p30426];p30426:[OK]
156;p30425;WANTED;928375;928371;[p30426];[p30424];VAZIO
157;p30425;RELEASED;934254;934246;[];[];VAZIO
158;p30425;RELEASED;939645;939637;[];[];VAZIO
159;p30425;WANTED;945871;945871;[];[p30424,p30426];VAZIO
160;p30425;HELD;952627;952621;[p30424];[];p30426:[REQUEST]
161;p30425;WANTED;958477;958473;[p30426];[p30424];VAZIO
162;p30425;WANTED;964802;964799;[];[p30426];VAZIO
163;p30425;WANTED;971162;971158;[p30424];[p30426];p30426:[OK]
164;p30425;WANTED;977726;977726;[];[p30424,p30426];VAZIO
165;p30425;RELEASED;984555;984547;[];[];VAZIO
166;p30425;WANTED;990909;990909;[];[p30424,p30426];VAZIO
167;p30425;WANTED;997466;997463;[];[p30424];p30426:[REQUEST]
168;p30425;WANTED;1003177;1003177;[];[p30424,p30426];p30426:[OK,REQUEST]
169;p30425;HELD;1009138;1009132;[p30426];[];VAZIO
170;p30425;WANTED;1015802;1015799;[];[p30426];VAZIO
171;p30425;RELEASED;1022035;1022027;[];[];VAZIO
172;p30425;WANTED;1028572;1028572;[];[p30424,p30426];p30426:[OK]
173;p30425;WANTED;1034863;1034860;[];[p30426];VAZIO
174;p30425;HELD;1041413;1041406;[p30424,p30426];[];VAZIO
175;p30425;WANTED;1047984;1047980;[p30424];[p30426];p30426:[OK]
176;p30425;WANTED;1054592;1054588;[p30424];[p30426];p30426:[OK]
177;p30425;WANTED;1061239;1061239;[];[p30424,p30426];VAZIO
178;p30425;WANTED;1067450;1067446;[p30424];[p30426];VAZIO
179;p30425;HELD;1073821;1073816;[p30424];[];p30426:[REQUEST]
180;p30425;WANTED;1079832;1079829;[];[p30424];p30426:[REQUEST]
181;p30425;WANTED;1086251;1086248;[];[p30424];p30426:[REQUEST]
182;p30425;WANTED;1092563;1092560;[];[p30424];p30426:[REQUEST]
183;p30425;WANTED;1099182;1099182;[];[p30424,p30426];p30426:[OK,REQUEST]
184;p30425;RELEASED;1105409;1105401;[];[];VAZIO
185;p30425;RELEASED;1112095;1112087;[];[];VAZIO
186;p30425;RELEASED;1118809;1118801;[];[];VAZIO
187;p30425;HELD;1125123;1125117;[p30424];[];p30426:[REQUEST]
188;p30425;WANTED;1131805;1131802;[];[p30424];p30426:[REQUEST]
189;p30425;WANTED;1138381;1138381;[];[p30424,p30426];p30426:[REQUEST,OK]
190;p30425;WANTED;1144371;1144368;[];[p30426];VAZIO
191;p30425;HELD;1150873;1150867;[p30424];[];VAZIO
192;p30425;WANTED;1157525;1157521;[p30426];[p30424];VAZIO
193;p30425;RELEASED;1163960;1163953;[];[];VAZIO
194;p30425;WANTED;1170357;1170353;[p30426];[p30424];VAZIO
195;p30425;WANTED;1177204;1177200;[p30424];[p30426];p30426:[OK]
196;p30425;WANTED;1183502;1183499;[];[p30426];VAZIO
197;p30425;RELEASED;1189999;1189991;[];[];VAZIO
198;p30425;WANTED;1196051;1196048;[];[p30426];VAZIO
199;p30425;WANTED;1202473;1202473;[];[p30424,p30426];VAZIO
200;p30425;WANTED;1208396;1208393;[];[p30426];VAZIO
201;p30425;WANTED;1214367;1214364;[];[p30426];p30426:[OK]
202;p30425;HELD;1220903;1220897;[p30424];[];VAZIO
203;p30425;WANTED;1227017;1227014;[];[p30426];VAZIO
204;p30425;WANTED;1233539;1233539;[];[p30424,p30426];VAZIO
205;p30425;HELD;1239773;1239767;[p30424];[];p30426:[REQUEST]
206;p30425;RELEASED;1246508;1246500;[];[];VAZIO
207;p30425;RELEASED;1253000;1252992;[];[];VAZIO
208;p30425;HELD;1259242;1259235;[p30424,p30426];[];VAZIO
209;p30425;WANTED;1265855;1265852;[];[p30424];p30426:[REQUEST]
210;p30425;RELEASED;1271865;1271857;[];[];VAZIO
211;p30425;RELEASED;1277894;1277886;[];[];VAZIO
212;p30425;WANTED;1284216;1284216;[];[p30424,p30426];VAZIO
213;p30425;WANTED;1290628;1290624;[p30426];[p30424];VAZIO
214;p30425;RELEASED;1297257;1297249;[];[];VAZIO
215;p30425;RELEASED;1303835;1303828;[];[];VAZIO
216;p30425;WANTED;1310549;1310549;[];[p30424,p30426];VAZIO
217;p30425;RELEASED;1317189;1317181;[];[];VAZIO
218;p30425;WANTED;1323510;1323506;[p30424];[p30426];p30426:[OK]
219;p30425;WANTED;1329922;1329922;[];[p30424,p30426];VAZIO
220;p30425;RELEASED;1336444;1336436;[];[];VAZIO
221;p30425;RELEASED;1342964;1342956;[];[];VAZIO
222;p30425;RELEASED;1348957;1348950;[];[];VAZIO
223;p30425;RELEASED;1354863;1354855;[];[];VAZIO
224;p30425;WANTED;1361455;1361451;[p30424];[p30426];p30426:[OK]
225;p30425;WANTED;1368266;1368266;[];[p30424,p30426];VAZIO
226;p30425;HELD;1374727;1374721;[p30424];[];p30426:[REQUEST]
227;p30425;WANTED;1381100;1381094;[p30424];[];p30426:[REQUEST]
228;p30425;RELEASED;1387170;1387163;[];[];VAZIO
229;p30425;WANTED;1393736;1393736;[];[p30424,p30426];VAZIO
230;p30425;RELEASED;1399562;1399554;[];[];VAZIO
231;p30425;WANTED;1406083;1406077;[p30426];[];VAZIO
232;p30425;WANTED;1411923;1411923;[];[p30424,p30426];p30426:[OK]
233;p30425;RELEASED;1417795;1417787;[];[];VAZIO
234;p30425;WANTED;1424464;1424464;[];[p30424,p30426];VAZIO
235;p30425;WANTED;1430514;1430514;[];[p30424,p30426];VAZIO
236;p30425;RELEASED;1434897;1434889;[];[];VAZIO
237;p30425;WANTED;1440331;1440331;[];[p30424,p30426];p30426:[OK]
238;p30425;WANTED;1445994;1445994;[];[p30424,p30426];VAZIO
239;p30425;RELEASED;1451730;1451722;[];[];VAZIO
240;p30425;WANTED;1458069;1458066;[];[p30424];VAZIO
241;p30425;HELD;1464371;1464366;[p30426];[];VAZIO
242;p30425;WANTED;1470575;1470575;[];[p30424,p30426];VAZIO
243;p30425;RELEASED;1476689;1476681;[];[];VAZIO
244;p30425;RELEASED;1482968;1482961;[];[];p30426:[REQUEST]
245;p30425;WANTED;1489731;1489728;[];[p30426];VAZIO
246;p30425;RELEASED;1495530;1495522;[];[];VAZIO
247;p30425;WANTED;1501721;1501721;[];[p30424,p30426];VAZIO
248;p30425;RELEASED;1507986;1507978;[];[];VAZIO
249;p30425;RELEASED;1514458;1514451;[];[];VAZIO
250;p30425;RELEASED;1520876;1520868;[];[];VAZIO
251;p30425;WANTED;1527052;1527052;[];[p30424,p30426];VAZIO
252;p30425;RELEASED;1533606;1533598;[];[];VAZIO
253;p30425;HELD;1539360;1539353;[p30426,p30424];[];VAZIO
254;p30425;WANTED;1545666;1545662;[p30426];[p30424];VAZIO
255;p30425;RELEASED;1552275;1552267;[];[];VAZIO
256;p30425;RELEASED;1558508;1558500;[];[];VAZIO
257;p30425;RELEASED;1564899;1564891;[];[];VAZIO
258;p30425;RELEASED;1571016;1571008;[];[];VAZIO
259;p30425;WANTED;1577605;1577605;[];[p30424,p30426];p30426:[OK]
260;p30425;RELEASED;1583996;1583988;[];[];VAZIO
261;p30425;WANTED;1590555;1590551;[p30426];[p30424];VAZIO
262;p30425;WANTED;1596741;1596741;[];[p30424,p30426];VAZIO
263;p30425;WANTED;1603353;1603349;[p30426];[p30424];VAZIO
264;p30425;WANTED;1608741;1608738;[p30426];[p30424,p30426];p30426:[OK]
265;p30425;WANTED;1614038;1614038;[];[p30424,p30426];VAZIO
266;p30425;RELEASED;1620362;1620354;[];[];VAZIO
267;p30425;WANTED;1625047;1625047;[];[p30424,p30426];VAZIO
268;p30425;RELEASED;1630686;1630678;[];[];VAZIO
269;p30425;WANTED;1636723;1636717;[p30424];[];VAZIO
270;p30425;RELEASED;1643016;1643008;[];[];VAZIO
271;p30425;RELEASED;1648066;1648058;[];[];VAZIO
272;p30425;WANTED;1653734;1653730;[p30426];[p30424];VAZIO
273;p30425;HELD;1660306;1660300;[p30426];[];VAZIO
274;p30425;RELEASED;1666455;1666447;[];[];VAZIO
275;p30425;HELD;1672505;1672499;[p30426];[];VAZIO
276;p30425;WANTED;1678997;1678997;[];[p30424,p30426];VAZIO
277;p30425;WANTED;1685321;1685321;[];[p30424,p30426];VAZIO
278;p30425;WANTED;1691490;1691486;[p30426];[p30424];VAZIO
279;p30425;RELEASED;1698217;1698209;[];[];VAZIO
280;p30425;WANTED;1704781;1704778;[];[p30424];p30426:[REQUEST]
281;p30425;WANTED;1710923;1710921;[];[p30424];p30426:[REQUEST]
282;p30425;WANTED;1717515;1717512;[];[p30424];p30426:[REQUEST]
283;p30425;RELEASED;1723895;1723887;[];[];VAZIO
284;p30425;HELD;1730370;1730364;[p30426];[];VAZIO
285;p30425;HELD;1735649;1735643;[p30426];[];VAZIO
286;p30425;WANTED;1741401;1741398;[];[p30426];p30426:[OK]
287;p30425;WANTED;1746162;1746162;[];[p30424,p30426];VAZIO
288;p30425;WANTED;1750733;1750730;[];[p30424];p30426:[REQUEST]
289;p30425;WANTED;1756888;1756888;[];[p30424,p30426];VAZIO
290;p30425;RELEASED;1763265;1763257;[];[];VAZIO
291;p30425;HELD;1769508;1769502;[p30426];[];VAZIO
292;p30425;WANTED;1775684;1775684;[];[p30424,p30426];VAZIO
293;p30425;WANTED;1782274;1782274;[];[p30424,p30426];p30426:[OK]
294;p30425;WANTED;1787741;1787738;[];[p30426];VAZIO
295;p30425;WANTED;1793459;1793456;[];[p30426];VAZIO
296;p30425;WANTED;1799588;1799585;[];[p30426];VAZIO
297;p30425;HELD;1805611;1805605;[p30424];[];p30426:[REQUEST]
298;p30425;RELEASED;1812114;1812106;[];[];VAZIO
299;p30425;HELD;1818439;1818433;[p30426];[];VAZIO
300;p30425;WANTED;1824705;1824705;[];[p30424,p30426];p30426:[REQUEST]
