1;p30426;WANTED;5044;5044;[];[p30424,p30425];VAZIO
2;p30426;HELD;10296;10290;[p30424];[];VAZIO
3;p30426;WANTED;15228;15225;[];[p30425];VAZIO
4;p30426;WANTED;21384;21382;[];[p30424];p30425:[REQUEST]
5;p30426;WANTED;26927;26923;[p30425];[p30424];VAZIO
6;p30426;HELD;33119;33113;[p30425];[];VAZIO
7;p30426;WANTED;38533;38533;[];[p30424,p30425];p30425:[REQUEST]
8;p30426;WANTED;44069;44069;[];[p30424,p30425];VAZIO
9;p30426;WANTED;49445;49445;[];[p30424,p30425];VAZIO
10;p30426;WANTED;54431;54431;[];[p30424,p30425];VAZIO
11;p30426;RELEASED;59962;59955;[];[];VAZIO
12;p30426;WANTED;64668;64666;[];[p30424,p30425];VAZIO
13;p30426;WANTED;70045;70042;[];[p30424];VAZIO
14;p30426;WANTED;75365;75365;[];[p30424,p30425];VAZIO
15;p30426;WANTED;80993;80990;[];[p30425];VAZIO
16;p30426;HELD;86235;86228;[p30424,p30425];[];VAZIO
17;p30426;WANTED;92571;92571;[];[p30424,p30425];VAZIO
18;p30426;WANTED;98651;98651;[];[p30424,p30425];VAZIO
19;p30426;HELD;104838;104832;[p30424];[];VAZIO
20;p30426;WANTED;110551;110547;[p30424];[p30425];VAZIO
21;p30426;RELEASED;116267;116259;[];[];VAZIO
22;p30426;WANTED;122694;122691;[];[p30425];VAZIO
23;p30426;HELD;128751;128744;[p30424,p30425];[];VAZIO
24;p30426;HELD;134860;134855;[];[];VAZIO
25;p30426;WANTED;141135;141132;[];[p30424];VAZIO
26;p30426;WANTED;147263;147263;[];[p30424,p30425];VAZIO
27;p30426;HELD;153030;153024;[p30424];[];VAZIO
28;p30426;HELD;158947;158941;[p30425];[];VAZIO
29;p30426;WANTED;164665;164665;[];[p30424,p30425];VAZIO
30;p30426;RELEASED;170845;170837;[];[];VAZIO
31;p30426;WANTED;176344;176341;[];[p30425];VAZIO
32;p30426;HELD;181912;181906;[p30424];[];VAZIO
33;p30426;RELEASED;188483;188475;[];[];VAZIO
34;p30426;HELD;194421;194415;[p30424];[];VAZIO
35;p30426;WANTED;200322;200319;[];[p30424];p30425:[REQUEST]
36;p30426;RELEASED;206711;206703;[];[];VAZIO
37;p30426;WANTED;213189;213186;[];[p30424];VAZIO
38;p30426;WANTED;219813;219809;[p30425];[p30424];VAZIO
39;p30426;WANTED;225835;225835;[];[p30424,p30425];VAZIO
40;p30426;HELD;232330;232324;[p30424];[];VAZIO
41;p30426;WANTED;238440;238436;[p30425];[p30424];VAZIO
42;p30426;WANTED;243919;243916;[];[p30425];VAZIO
43;p30426;WANTED;250460;250460;[];[p30424,p30425];VAZIO
44;p30426;WANTED;256230;256230;[];[p30424,p30425];VAZIO
45;p30426;RELEASED;262943;262936;[];[];p30425:[REQUEST]
46;p30426;HELD;269215;269208;[p30424,p30425];[];VAZIO
47;p30426;RELEASED;275760;275752;[];[];VAZIO
48;p30426;HELD;281774;281769;[];[];p30425:[REQUEST]
49;p30426;WANTED;287531;287531;[];[p30424,p30425];VAZIO
50;p30426;HELD;293802;293796;[p30425];[];VAZIO
51;p30426;WANTED;299630;299630;[];[p30424,p30425];VAZIO
52;p30426;WANTED;305151;305148;[];[p30425];VAZIO
53;p30426;WANTED;311109;311109;[];[p30424,p30425];p30425:[REQUEST]
54;p30426;HELD;317317;317311;[p30424];[];p30425:[REQUEST]
55;p30426;HELD;323427;323421;[p30424];[];VAZIO
56;p30426;WANTED;330012;330012;[];[p30424,p30425];VAZIO
57;p30426;HELD;336294;336289;[p30425];[];VAZIO
58;p30426;WANTED;342380;342380;[];[p30424,p30425];VAZIO
59;p30426;HELD;348630;348624;[p30425];[];VAZIO
60;p30426;RELEASED;354461;354453;[];[];VAZIO
61;p30426;HELD;360424;360418;[p30425];[];VAZIO
62;p30426;WANTED;365867;365863;[p30424];[p30425];p30425:[OK]
63;p30426;WANTED;371200;371200;[];[p30424,p30425];VAZIO
64;p30426;HELD;376541;376535;[p30424];[];p30425:[REQUEST]
65;p30426;WANTED;381690;381687;[];[p30424];p30425:[REQUEST]
66;p30426;WANTED;386746;386743;[];[p30424];VAZIO
67;p30426;HELD;392987;392981;[p30424];[];p30425:[REQUEST]
68;p30426;HELD;399203;399196;[p30424,p30425];[];VAZIO
69;p30426;RELEASED;403565;403558;[];[];p30425:[REQUEST]
70;p30426;RELEASED;409477;409469;[];[];VAZIO
71;p30426;WANTED;415601;415600;[];[p30424,p30425];VAZIO
72;p30426;WANTED;420564;420564;[];[p30424,p30425];VAZIO
73;p30426;HELD;426331;426325;[p30425];[];VAZIO
74;p30426;RELEASED;432165;432157;[];[];VAZIO
75;p30426;HELD;438306;438300;[p30424];[];VAZIO
76;p30426;WANTED;443498;443495;[];[p30425];VAZIO
77;p30426;WANTED;449214;449208;[p30424];[];VAZIO
78;p30426;HELD;454562;454557;[p30425];[];VAZIO
79;p30426;WANTED;460088;460088;[];[p30424,p30425];VAZIO
80;p30426;WANTED;465641;465637;[p30424];[p30425];p30425:[OK]
81;p30426;WANTED;472032;472029;[];[p30425];VAZIO
82;p30426;RELEASED;477855;477847;[];[];VAZIO
83;p30426;HELD;484128;484122;[p30425];[];VAZIO
84;p30426;WANTED;489930;489930;[];[p30424,p30425];VAZIO
85;p30426;WANTED;496094;496094;[];[p30424,p30425];VAZIO
86;p30426;RELEASED;502640;502632;[];[];VAZIO
87;p30426;WANTED;509115;509112;[];[p30424];p30425:[REQUEST]
88;p30426;WANTED;515647;515647;[];[p30424,p30425];VAZIO
89;p30426;RELEASED;521828;521820;[];[];VAZIO
90;p30426;WANTED;527561;527561;[];[p30424,p30425];VAZIO
91;p30426;WANTED;534278;534278;[];[p30424,p30425];VAZIO
92;p30426;WANTED;540259;540255;[p30425];[p30424];VAZIO
93;p30426;WANTED;547078;547078;[];[p30424,p30425];VAZIO
94;p30426;RELEASED;553230;553222;[];[];VAZIO
95;p30426;WANTED;559118;559118;[];[p30424,p30425];VAZIO
96;p30426;RELEASED;565617;565609;[];[];VAZIO
97;p30426;WANTED;571647;571647;[];[p30424,p30425];VAZIO
98;p30426;WANTED;578267;578264;[];[p30425];VAZIO
99;p30426;RELEASED;583763;583755;[];[];VAZIO
100;p30426;WANTED;587638;587638;[];[p30424,p30425];VAZIO
101;p30426;HELD;593998;593993;[p30425];[];VAZIO
102;p30426;WANTED;599706;599703;[];[p30425];VAZIO
103;p30426;WANTED;605582;605579;[];[p30425];VAZIO
104;p30426;WANTED;610702;610699;[];[p30425];VAZIO
105;p30426;HELD;616111;616105;[p30424];[];VAZIO
106;p30426;RELEASED;621734;621726;[];[];VAZIO
107;p30426;WANTED;628479;628476;[];[p30424];p30425:[REQUEST]
108;p30426;WANTED;634802;634802;[];[p30424,p30425];VAZIO
109;p30426;HELD;640840;640834;[p30425];[];VAZIO
110;p30426;WANTED;647214;647211;[];[p30424];VAZIO
111;p30426;WANTED;652572;652568;[p30424];[p30425];VAZIO
112;p30426;WANTED;658769;658769;[];[p30424,p30425];VAZIO
113;p30426;WANTED;665034;665034;[];[p30424,p30425];VAZIO
114;p30426;WANTED;671095;671091;[p30424];[p30425];p30425:[OK]
115;p30426;HELD;677348;677342;[p30424];[];VAZIO
116;p30426;RELEASED;682664;682656;[];[];VAZIO
117;p30426;HELD;689189;689183;[p30424];[];VAZIO
118;p30426;WANTED;695257;695254;[];[p30425];VAZIO
119;p30426;WANTED;701999;701996;[];[p30424];VAZIO
120;p30426;WANTED;708268;708268;[];[p30424,p30425];p30425:[REQUEST,OK]
121;p30426;WANTED;714886;714882;[p30425];[p30424];VAZIO
122;p30426;HELD;720999;720993;[p30425];[];VAZIO
123;p30426;WANTED;727160;727160;[];[p30424,p30425];VAZIO
124;p30426;WANTED;733520;733520;[];[p30424,p30425];p30425:[OK,REQUEST]
125;p30426;WANTED;740106;740102;[p30425];[p30424];VAZIO
126;p30426;WANTED;745135;745135;[];[p30424,p30425];VAZIO
127;p30426;WANTED;751038;751033;[p30424];[p30425];VAZIO
128;p30426;RELEASED;757247;757239;[];[];VAZIO
129;p30426;HELD;763343;763337;[p30424];[];VAZIO
130;p30426;HELD;770075;770069;[p30424];[];VAZIO
131;p30426;HELD;776214;776208;[p30425];[];VAZIO
132;p30426;WANTED;782263;782259;[p30424];[p30425];VAZIO
133;p30426;WANTED;788373;788369;[p30425];[p30424];VAZIO
134;p30426;RELEASED;794329;794321;[];[];VAZIO
135;p30426;WANTED;800668;800664;[p30425];[p30424];VAZIO
136;p30426;WANTED;806528;806525;[];[p30424];VAZIO
137;p30426;WANTED;812200;812197;[];[p30425];VAZIO
138;p30426;HELD;818110;818104;[p30425];[];VAZIO
139;p30426;RELEASED;824023;824015;[];[];VAZIO
140;p30426;WANTED;830630;830630;[];[p30424,p30425];p30425:[OK]
141;p30426;WANTED;836695;836691;[p30425];[p30424];VAZIO
142;p30426;WANTED;843271;843268;[];[p30424];VAZIO
143;p30426;WANTED;848595;848592;[];[p30425];VAZIO
144;p30426;WANTED;854887;854887;[];[p30424,p30425];VAZIO
145;p30426;HELD;861353;861347;[p30425];[];VAZIO
146;p30426;HELD;867276;867270;[p30425];[];VAZIO
147;p30426;WANTED;873378;873375;[];[p30424];VAZIO
148;p30426;HELD;878617;878611;[p30424];[];VAZIO
149;p30426;WANTED;885062;885059;[];[p30425];VAZIO
150;p30426;WANTED;891269;891269;[];[p30424,p30425];VAZIO
151;p30426;WANTED;897544;897540;[p30424];[p30425];VAZIO
152;p30426;RELEASED;903695;903688;[];[];VAZIO
153;p30426;WANTED;909477;909477;[];[p30424,p30425];VAZIO
154;p30426;WANTED;915915;915915;[];[p30424,p30425];VAZIO
155;p30426;RELEASED;922144;922136;[];[];VAZIO
156;p30426;WANTED;928374;928374;[];[p30424,p30425];VAZIO
157;p30426;HELD;934255;934249;[p30424];[];VAZIO
158;p30426;WANTED;939643;939643;[];[p30424,p30425];p30425:[OK]
159;p30426;WANTED;945872;945868;[p30425];[p30424];VAZIO
160;p30426;WANTED;952627;952627;[];[p30424,p30425];VAZIO
161;p30426;WANTED;958476;958476;[];[p30424,p30425];VAZIO
162;p30426;HELD;964802;964796;[p30425];[];VAZIO
163;p30426;RELEASED;971163;971155;[];[];VAZIO
164;p30426;WANTED;977727;977723;[p30425];[p30424];VAZIO
165;p30426;WANTED;984556;984553;[];[p30424];VAZIO
166;p30426;WANTED;990910;990906;[p30425];[p30424];VAZIO
167;p30426;WANTED;997466;997466;[];[p30424,p30425];VAZIO
168;p30426;WANTED;1003180;1003180;[];[p30424,p30425];VAZIO
169;p30426;WANTED;1009138;1009135;[];[p30425];VAZIO
170;p30426;HELD;1015802;1015796;[p30425];[];VAZIO
171;p30426;WANTED;1022033;1022033;[];[p30424,p30425];p30425:[OK]
172;p30426;RELEASED;1028574;1028566;[];[];VAZIO
173;p30426;HELD;1034863;1034857;[p30425];[];VAZIO
174;p30426;WANTED;1041412;1041412;[];[p30424,p30425];VAZIO
175;p30426;RELEASED;1047985;1047977;[];[];VAZIO
176;p30426;RELEASED;1054593;1054585;[];[];VAZIO
177;p30426;WANTED;1061240;1061236;[p30425];[p30424];VAZIO
178;p30426;HELD;1067450;1067443;[p30425,p30424];[];VAZIO
179;p30426;WANTED;1073822;1073822;[];[p30424,p30425];VAZIO
180;p30426;WANTED;1079832;1079832;[];[p30424,p30425];VAZIO
181;p30426;WANTED;1086251;1086251;[];[p30424,p30425];VAZIO
182;p30426;WANTED;1092563;1092563;[];[p30424,p30425];VAZIO
183;p30426;WANTED;1099185;1099185;[];[p30424,p30425];VAZIO
184;p30426;WANTED;1105410;1105407;[];[p30424];VAZIO
185;p30426;WANTED;1112093;1112093;[];[p30424,p30425];p30425:[OK]
186;p30426;HELD;1118810;1118804;[p30424];[];VAZIO
187;p30426;WANTED;1125123;1125123;[];[p30424,p30425];VAZIO
188;p30426;WANTED;1131805;1131805;[];[p30424,p30425];VAZIO
189;p30426;WANTED;1138384;1138383;[];[p30424,p30425];VAZIO
190;p30426;HELD;1144371;1144365;[p30425];[];VAZIO
191;p30426;RELEASED;1150872;1150864;[];[];VAZIO
192;p30426;WANTED;1157524;1157524;[];[p30424,p30425];VAZIO
193;p30426;HELD;1163961;1163956;[];[];VAZIO
194;p30426;WANTED;1170356;1170356;[];[p30424,p30425];VAZIO
195;p30426;RELEASED;1177205;1177197;[];[];VAZIO
196;p30426;HELD;1183502;1183496;[p30425];[];VAZIO
197;p30426;HELD;1190000;1189994;[p30424];[];VAZIO
198;p30426;HELD;1196051;1196045;[p30425];[];VAZIO
199;p30426;WANTED;1202474;1202470;[p30425];[p30424];VAZIO
200;p30426;HELD;1208396;1208390;[p30425];[];VAZIO
201;p30426;RELEASED;1214368;1214361;[];[];VAZIO
202;p30426;RELEASED;1220902;1220894;[];[];VAZIO
203;p30426;HELD;1227017;1227011;[p30425];[];VAZIO
204;p30426;WANTED;1233539;1233536;[];[p30424];p30425:[REQUEST]
205;p30426;WANTED;1239773;1239773;[];[p30424,p30425];VAZIO
206;p30426;HELD;1246509;1246503;[p30424];[];VAZIO
207;p30426;RELEASED;1253002;1252995;[];[];VAZIO
208;p30426;WANTED;1259241;1259241;[];[p30424,p30425];VAZIO
209;p30426;WANTED;1265855;1265855;[];[p30424,p30425];VAZIO
210;p30426;HELD;1271867;1271860;[p30424];[];VAZIO
211;p30426;HELD;1277895;1277888;[p30424];[];VAZIO
212;p30426;WANTED;1284216;1284213;[];[p30424];p30425:[REQUEST]
213;p30426;WANTED;1290627;1290627;[];[p30424,p30425];VAZIO
214;p30426;RELEASED;1297259;1297252;[];[];VAZIO
215;p30426;HELD;1303836;1303831;[];[];VAZIO
216;p30426;WANTED;1310550;1310546;[p30425];[p30424];VAZIO
217;p30426;WANTED;1317190;1317187;[];[p30424];VAZIO
218;p30426;RELEASED;1323511;1323503;[];[];VAZIO
219;p30426;WANTED;1329923;1329919;[p30425];[p30424];VAZIO
220;p30426;WANTED;1336442;1336442;[];[p30424,p30425];p30425:[OK]
221;p30426;HELD;1342965;1342959;[p30424];[];VAZIO
222;p30426;RELEASED;1348955;1348947;[];[];VAZIO
223;p30426;WANTED;1354861;1354861;[];[p30424,p30425];p30425:[OK]
224;p30426;RELEASED;1361456;1361448;[];[];VAZIO
225;p30426;HELD;1368267;1368261;[p30425];[];VAZIO
226;p30426;WANTED;1374727;1374727;[];[p30424,p30425];VAZIO
227;p30426;WANTED;1381100;1381100;[];[p30424,p30425];VAZIO
228;p30426;HELD;1387171;1387166;[];[];VAZIO
229;p30426;HELD;1393736;1393730;[p30424];[];p30425:[REQUEST]
230;p30426;HELD;1399563;1399557;[p30424];[];VAZIO
231;p30426;WANTED;1406083;1406080;[];[p30425];VAZIO
232;p30426;RELEASED;1411925;1411918;[];[];VAZIO
233;p30426;WANTED;1417796;1417793;[];[p30424];VAZIO
234;p30426;WANTED;1424461;1424460;[];[p30424,p30425];p30425:[OK,REQUEST]
235;p30426;WANTED;1430514;1430511;[];[p30424];p30425:[REQUEST]
236;p30426;HELD;1434898;1434892;[p30424];[];VAZIO
237;p30426;RELEASED;1440333;1440325;[];[];VAZIO
238;p30426;WANTED;1445995;1445991;[p30425];[p30424];VAZIO
239;p30426;RELEASED;1451732;1451725;[];[];VAZIO
240;p30426;RELEASED;1458068;1458060;[];[];VAZIO
241;p30426;WANTED;1464369;1464369;[];[p30424,p30425];VAZIO
242;p30426;WANTED;1470576;1470572;[p30425];[p30424];VAZIO
243;p30426;HELD;1476690;1476684;[p30424];[];VAZIO
244;p30426;WANTED;1482967;1482967;[];[p30424,p30425];VAZIO
245;p30426;HELD;1489731;1489725;[p30425];[];VAZIO
246;p30426;HELD;1495531;1495525;[p30424];[];VAZIO
247;p30426;WANTED;1501722;1501716;[p30425];[p30424];VAZIO
248;p30426;HELD;1507987;1507981;[p30424];[];VAZIO
249;p30426;WANTED;1514457;1514454;[];[p30425];p30425:[OK]
250;p30426;HELD;1520877;1520871;[p30424];[];VAZIO
251;p30426;HELD;1527052;1527046;[p30424];[];p30425:[REQUEST]
252;p30426;WANTED;1533607;1533601;[p30424];[];VAZIO
253;p30426;WANTED;1539360;1539356;[p30424];[p30425];VAZIO
254;p30426;WANTED;1545665;1545665;[];[p30424,p30425];VAZIO
255;p30426;HELD;1552276;1552270;[p30424];[];VAZIO
256;p30426;HELD;1558509;1558503;[p30424];[];VAZIO
257;p30426;HELD;1564900;1564894;[p30424];[];VAZIO
258;p30426;WANTED;1571017;1571011;[p30424];[];VAZIO
259;p30426;RELEASED;1577607;1577599;[];[];VAZIO
260;p30426;WANTED;1583995;1583991;[p30424];[p30425];p30425:[OK]
261;p30426;WANTED;1590554;1590554;[];[p30424,p30425];VAZIO
262;p30426;HELD;1596742;1596735;[p30424,p30425];[];VAZIO
263;p30426;WANTED;1603352;1603352;[];[p30424,p30425];VAZIO
264;p30426;WANTED;1608741;1608740;[];[p30424,p30425];VAZIO
265;p30426;WANTED;1614038;1614035;[];[p30424];p30425:[REQUEST]
266;p30426;WANTED;1620360;1620360;[];[p30424,p30425];p30425:[OK]
267;p30426;WANTED;1625048;1625044;[p30425];[p30424];VAZIO
268;p30426;WANTED;1630684;1630684;[];[p30424,p30425];p30425:[OK]
269;p30426;RELEASED;1636722;1636714;[];[];VAZIO
270;p30426;WANTED;1643014;1643014;[];[p30424,p30425];p30425:[OK]
271;p30426;HELD;1648067;1648061;[p30424];[];VAZIO
272;p30426;WANTED;1653733;1653733;[];[p30424,p30425];VAZIO
273;p30426;WANTED;1660306;1660303;[];[p30425];VAZIO
274;p30426;HELD;1666455;1666450;[p30424];[];VAZIO
275;p30426;WANTED;1672505;1672502;[];[p30425];VAZIO
276;p30426;HELD;1678998;1678991;[p30424,p30425];[];VAZIO
277;p30426;HELD;1685320;1685315;[p30424];[];p30425:[REQUEST]
278;p30426;WANTED;1691489;1691489;[];[p30424,p30425];VAZIO
279;p30426;WANTED;1698216;1698212;[p30424];[p30425];p30425:[OK]
280;p30426;WANTED;1704781;1704781;[];[p30424,p30425];VAZIO
281;p30426;WANTED;1710923;1710923;[];[p30424,p30425];VAZIO
282;p30426;WANTED;1717515;1717515;[];[p30424,p30425];VAZIO
283;p30426;HELD;1723896;1723890;[p30424];[];VAZIO
284;p30426;WANTED;1730370;1730367;[];[p30425];VAZIO
285;p30426;WANTED;1735649;1735646;[];[p30425];VAZIO
286;p30426;RELEASED;1741402;1741395;[];[];VAZIO
287;p30426;HELD;1746161;1746156;[p30424];[];p30425:[REQUEST]
288;p30426;WANTED;1750733;1750733;[];[p30424,p30425];VAZIO
289;p30426;HELD;1756888;1756882;[p30424];[];p30425:[REQUEST]
290;p30426;HELD;1763266;1763260;[p30424];[];VAZIO
291;p30426;WANTED;1769508;1769505;[];[p30425];VAZIO
292;p30426;HELD;1775685;1775678;[p30424,p30425];[];VAZIO
293;p30426;RELEASED;1782276;1782268;[];[];VAZIO
294;p30426;HELD;1787741;1787735;[p30425];[];VAZIO
295;p30426;HELD;1793459;1793453;[p30425];[];VAZIO
296;p30426;HELD;1799588;1799582;[p30425];[];VAZIO
297;p30426;WANTED;1805611;1805611;[];[p30424,p30425];VAZIO
298;p30426;HELD;1812115;1812109;[p30424];[];VAZIO
299;p30426;WANTED;1818439;1818436;[];[p30425];VAZIO
300;p30426;WANTED;1824707;1824707;[];[p30424,p30425];p30425:[REQUEST]
