1;p60303;WANTED;3262;3262;[];[p60305,p60304,p60301,p60302,p60300];VAZIO
2;p60303;WANTED;6847;6842;[p60301];[p60305,p60302,p60300];p60304:[REQUEST]
3;p60303;WANTED;10447;10447;[];[p60305,p60304,p60301,p60302,p60300];p60304:[OK]
4;p60303;HELD;14194;14182;[p60300,p60304,p60302,p60305];[];VAZIO
5;p60303;WANTED;19060;19050;[p60300,p60304,p60302];[p60301];p60301:[OK]
6;p60303;WANTED;23943;23935;[p60300,p60304];[p60305,p60301];VAZIO
7;p60303;RELEASED;28203;28188;[];[];VAZIO
8;p60303;WANTED;32754;32743;[p60300,p60302,p60301];[p60305];VAZIO
9;p60303;WANTED;37484;37477;[p60305,p60300];[p60304,p60301];p60301:[OK]|p60302:[REQUEST]
10;p60303;WANTED;42229;42224;[p60301];[p60305,p60302,p60300];p60305:[OK]|p60304:[REQUEST]
11;p60303;WANTED;47007;47000;[p60304,p60301];[p60305,p60302,p60300];p60305:[OK]
12;p60303;WANTED;51788;51779;[p60300,p60302];[p60304,p60301];p60304:[OK]
13;p60303;WANTED;56648;56642;[p60302,p60304];[p60305,p60301,p60300];p60305:[OK]
14;p60303;HELD;61466;61451;[p60301,p60304,p60305,p60300];[];p60302:[REQUEST]
15;p60303;WANTED;66313;66313;[];[p60305,p60304,p60301,p60302,p60300];p60301:[OK]
16;p60303;RELEASED;70918;70903;[];[];p60302:[REQUEST]
17;p60303;HELD;75843;75829;[p60300,p60302,p60301,p60305];[];VAZIO
18;p60303;HELD;80763;80750;[p60300,p60302,p60301];[];VAZIO
19;p60303;WANTED;85466;85466;[];[p60305,p60304,p60301,p60302,p60300];VAZIO
20;p60303;WANTED;90013;90009;[];[p60305,p60304,p60301,p60302];p60304:[OK]
21;p60303;HELD;94051;94038;[p60304,p60302,p60301];[];VAZIO
22;p60303;WANTED;97763;97763;[];[p60305,p60304,p60301,p60302,p60300];p60302:[OK]
23;p60303;RELEASED;102370;102355;[];[];p60304:[REQUEST]
24;p60303;WANTED;107097;107086;[p60305,p60301,p60302];[p60300];p60304:[REQUEST]
25;p60303;WANTED;111636;111627;[p60304,p60300];[p60301,p60302];p60301:[OK]
26;p60303;WANTED;116503;116491;[p60300,p60304,p60305,p60302];[p60301];p60301:[OK]
27;p60303;WANTED;120964;120964;[];[p60305,p60304,p60301,p60302,p60300];VAZIO
28;p60303;WANTED;125964;125964;[];[p60305,p60304,p60301,p60302,p60300];p60304:[OK]
29;p60303;WANTED;130973;130973;[];[p60305,p60304,p60301,p60302,p60300];p60302:[OK,REQUEST]
30;p60303;WANTED;136237;136226;[p60302,p60305,p60301];[p60300];p60304:[REQUEST]
31;p60303;HELD;141137;141126;[p60301,p60302,p60305];[];VAZIO
32;p60303;WANTED;146472;146469;[];[p60305,p60301,p60302,p60300];p60304:[REQUEST]
33;p60303;WANTED;151047;151047;[];[p60305,p60304,p60301,p60302,p60300];VAZIO
34;p60303;WANTED;155708;155708;[];[p60305,p60304,p60301,p60302,p60300];p60304:[OK]
35;p60303;WANTED;160442;160431;[p60304,p60305,p60301];[p60300];p60302:[REQUEST]
36;p60303;WANTED;164834;164834;[];[p60305,p60304,p60301,p60302,p60300];p60305:[OK]
37;p60303;WANTED;169800;169800;[];[p60305,p60304,p60301,p60302,p60300];VAZIO
38;p60303;WANTED;174386;174386;[];[p60305,p60304,p60301,p60302,p60300];VAZIO
39;p60303;WANTED;178871;178869;[];[p60305,p60304,p60301,p60300];p60302:[REQUEST]
40;p60303;WANTED;182758;182752;[p60302];[p60305,p60304,p60300];VAZIO
41;p60303;WANTED;187158;187150;[p60301,p60300];[p60305,p60304];p60302:[REQUEST]
42;p60303;WANTED;190751;190751;[];[p60305,p60304,p60301,p60302,p60300];VAZIO
43;p60303;WANTED;195696;195696;[];[p60305,p60304,p60301,p60302,p60300];p60301:[OK,REQUEST]
44;p60303;WANTED;200642;200639;[];[p60305,p60304,p60302,p60300];p60301:[REQUEST]|p60302:[OK]
45;p60303;WANTED;205766;205755;[p60301,p60302,p60304];[p60305];VAZIO
46;p60303;WANTED;211008;211008;[];[p60305,p60304,p60301,p60302,p60300];VAZIO
47;p60303;WANTED;216138;216138;[];[p60305,p60304,p60301,p60302,p60300];VAZIO
48;p60303;WANTED;221219;221213;[p60302];[p60305,p60304,p60301];VAZIO
49;p60303;WANTED;226176;226172;[p60302];[p60305,p60304,p60301,p60300];VAZIO
50;p60303;WANTED;231552;231540;[p60305,p60300,p60304];[p60302];VAZIO
51;p60303;RELEASED;236405;236390;[];[];VAZIO
52;p60303;WANTED;241625;241619;[p60300];[p60305,p60304,p60301];p60302:[REQUEST]
53;p60303;WANTED;246893;246884;[p60300,p60305];[p60304,p60301];p60301:[OK]|p60302:[REQUEST]
54;p60303;WANTED;251656;251656;[];[p60305,p60304,p60301,p60302,p60300];p60305:[OK]|p60302:[OK]
55;p60303;WANTED;256779;256774;[p60302];[p60305,p60304,p60301,p60300];p60301:[OK,REQUEST]
56;p60303;WANTED;262210;262207;[];[p60305,p60301,p60302,p60300];p60304:[REQUEST]|p60301:[OK]
57;p60303;RELEASED;267697;267679;[];[];VAZIO
58;p60303;RELEASED;273112;273098;[];[];p60301:[REQUEST]
59;p60303;HELD;278528;278512;[p60304,p60300,p60305,p60302,p60301];[];VAZIO
60;p60303;RELEASED;283627;283612;[];[];VAZIO
61;p60303;WANTED;288569;288569;[];[p60305,p60304,p60301,p60302,p60300];p60302:[OK]
62;p60303;WANTED;293565;293559;[p60302];[p60304,p60301,p60300];VAZIO
63;p60303;RELEASED;298672;298657;[];[];p60300:[REQUEST]
64;p60303;WANTED;303652;303642;[p60300,p60301,p60302];[p60305,p60304];p60304:[OK]
65;p60303;WANTED;308653;308653;[];[p60305,p60304,p60301,p60302,p60300];VAZIO
66;p60303;WANTED;313502;313492;[p60301,p60305,p60302];[p60300];VAZIO
67;p60303;WANTED;318422;318422;[];[p60305,p60304,p60301,p60302,p60300];VAZIO
68;p60303;WANTED;323288;323278;[p60304,p60302,p60300];[p60305,p60301];p60305:[OK]
69;p60303;WANTED;328639;328629;[p60304,p60302];[p60305];VAZIO
70;p60303;HELD;333936;333921;[p60304,p60302,p60300,p60301];[];VAZIO
71;p60303;WANTED;338221;338210;[p60302,p60300,p60301];[p60305];VAZIO
72;p60303;WANTED;343390;343385;[p60302];[p60305,p60304,p60300];VAZIO
73;p60303;WANTED;348212;348207;[p60301];[p60305,p60304,p60300];p60302:[REQUEST]
74;p60303;WANTED;353197;353197;[];[p60305,p60304,p60301,p60302,p60300];p60302:[OK]
75;p60303;WANTED;357958;357952;[p60305];[p60304,p60301,p60302];p60302:[OK]
76;p60303;WANTED;362751;362751;[];[p60305,p60304,p60301,p60302,p60300];VAZIO
77;p60303;WANTED;367819;367816;[];[p60304,p60301,p60302,p60300];p60302:[OK,REQUEST]
78;p60303;HELD;372920;372906;[p60302,p60305,p60300,p60304];[];VAZIO
79;p60303;WANTED;377916;377916;[];[p60305,p60304,p60301,p60302,p60300];p60302:[OK,REQUEST]
80;p60303;WANTED;383154;383151;[];[p60305,p60304,p60301,p60300];p60302:[REQUEST]
81;p60303;HELD;388210;388198;[p60301,p60302,p60300,p60305];[];VAZIO
82;p60303;WANTED;393203;393200;[];[p60305,p60304,p60302,p60300];p60301:[REQUEST]|p60302:[OK]
83;p60303;WANTED;398194;398187;[p60302,p60300];[p60305,p60304,p60301];p60304:[OK]
84;p60303;WANTED;402891;402891;[];[p60305,p60304,p60301,p60302,p60300];p60304:[OK]
85;p60303;RELEASED;407919;407901;[];[];VAZIO
86;p60303;WANTED;412837;412834;[];[p60305,p60304,p60302,p60300];p60301:[REQUEST]
87;p60303;WANTED;417863;417852;[p60301,p60300];[p60305];p60302:[REQUEST]
88;p60303;WANTED;422725;422720;[p60301];[p60305,p60304,p60302];p60302:[OK]
89;p60303;WANTED;427973;427966;[p60300];[p60304,p60301,p60302];p60302:[OK]
90;p60303;WANTED;432906;432906;[];[p60305,p60304,p60301,p60302,p60300];VAZIO
91;p60303;WANTED;437865;437865;[];[p60305,p60304,p60301,p60302,p60300];p60304:[OK]
92;p60303;WANTED;442709;442706;[];[p60305,p60301,p60302,p60300];p60304:[REQUEST]
93;p60303;WANTED;446520;446516;[p60304];[p60305,p60301,p60302,p60300];p60301:[OK]
94;p60303;WANTED;450532;450525;[p60304,p60301];[p60305,p60302,p60300];p60302:[OK]
95;p60303;WANTED;455087;455083;[p60301];[p60305,p60304,p60302,p60300];p60302:[OK]
96;p60303;WANTED;459998;459989;[p60301,p60302];[p60304,p60300];p60304:[OK]
97;p60303;WANTED;464802;464802;[];[p60305,p60304,p60301,p60302,p60300];p60301:[OK]
98;p60303;WANTED;469608;469604;[p60301];[p60305,p60304,p60302,p60300];p60302:[OK]
99;p60303;RELEASED;474466;474449;[];[];VAZIO
100;p60303;RELEASED;479617;479602;[];[];p60301:[REQUEST]
101;p60303;WANTED;484540;484532;[p60304,p60301];[p60302,p60300];p60302:[OK]
102;p60303;RELEASED;489025;489010;[];[];VAZIO
103;p60303;WANTED;493707;493701;[];[p60305,p60302,p60300];VAZIO
104;p60303;WANTED;498734;498723;[p60301,p60304,p60302];[p60300];VAZIO
105;p60303;HELD;503118;503102;[p60304,p60302,p60305,p60300];[];p60301:[REQUEST]
106;p60303;WANTED;507444;507441;[];[p60305,p60301,p60302,p60300];p60304:[REQUEST]|p60302:[OK,REQUEST]
107;p60303;WANTED;511738;511730;[p60305,p60301];[p60302,p60300];p60304:[REQUEST]|p60302:[OK]
108;p60303;WANTED;515271;515260;[p60305,p60301,p60304];[p60300];p60302:[REQUEST]
109;p60303;WANTED;520224;520218;[p60301,p60304];[p60305,p60302,p60300];p60302:[OK,REQUEST]
110;p60303;RELEASED;524296;524281;[];[];VAZIO
111;p60303;WANTED;528711;528707;[p60305];[p60304,p60301,p60302,p60300];p60304:[OK]
