1;p49072;WANTED;11639;11639;[];VAZIO
2;p49072;WANTED;23960;23960;[];p49073:[OK]
3;p49072;RELEASED;37410;37402;[];VAZIO
4;p49072;RELEASED;50520;50512;[];VAZIO
5;p49072;WANTED;64381;64381;[];VAZIO
6;p49072;WANTED;78314;78314;[];VAZIO
7;p49072;RELEASED;91826;91818;[];VAZIO
8;p49072;WANTED;105677;105677;[];VAZIO
9;p49072;HELD;119434;119427;[p49071,p49073];VAZIO
10;p49072;WANTED;133303;133303;[];VAZIO
11;p49072;HELD;147230;147223;[p49071,p49073];VAZIO
12;p49072;RELEASED;160943;160935;[];VAZIO
13;p49072;WANTED;174808;174805;[];VAZIO
14;p49072;WANTED;188560;188557;[];p49073:[OK]
15;p49072;RELEASED;202559;202551;[];VAZIO
16;p49072;WANTED;216497;216497;[];p49073:[OK]
17;p49072;HELD;230109;230103;[p49073];VAZIO
18;p49072;HELD;244129;244123;[p49073];VAZIO
19;p49072;HELD;257875;257869;[p49073];VAZIO
20;p49072;RELEASED;271894;271886;[];VAZIO
21;p49072;HELD;285637;285631;[p49073];VAZIO
22;p49072;WANTED;299277;299273;[p49073];VAZIO
23;p49072;RELEASED;313150;313142;[];VAZIO
24;p49072;HELD;326829;326823;[p49073];VAZIO
25;p49072;WANTED;340678;340678;[];VAZIO
26;p49072;WANTED;354593;354593;[];VAZIO
27;p49072;RELEASED;368263;368255;[];VAZIO
28;p49072;HELD;382201;382196;[p49071];p49073:[REQUEST]
29;p49072;RELEASED;395927;395919;[];VAZIO
